<?xml version="1.0" encoding="UTF-8"?>
<robot generator="Robot 7.2.2 (Python 3.11.4 on win32)" generated="2025-06-03T11:41:15.665996" rpa="false" schemaversion="5">
<suite id="s1" name="PNF &amp; Zone Management &amp; NTC Management">
<suite id="s1-s1" name="PNF" source="C:\Users\pk0952\PycharmProjects\ANT_CRUD\tests\PNF">
<suite id="s1-s1-s1" name="01 CreateGroup test" source="C:\Users\pk0952\PycharmProjects\ANT_CRUD\tests\PNF\01_CreateGroup_test.robot">
<kw name="Login Once" owner="common" type="SETUP">
<kw name="Open Browser" owner="SeleniumLibrary">
<msg time="2025-06-03T11:41:16.152040" level="WARN">exexcutable_path is being deprecated. Please use service to configure the driver's executable_path as per documentation.</msg>
<msg time="2025-06-03T11:41:16.152040" level="INFO">Opening browser 'Chrome' to base url 'https://ant228.dev.att.com:8443'.</msg>
<arg>${URL}</arg>
<arg>Chrome</arg>
<arg>executable_path=${DRIVER_PATH}</arg>
<doc>Opens a new browser instance to the optional ``url``.</doc>
<status status="PASS" start="2025-06-03T11:41:16.151035" elapsed="1.790325"/>
</kw>
<kw name="Maximize Browser Window" owner="SeleniumLibrary">
<doc>Maximizes current browser window.</doc>
<status status="PASS" start="2025-06-03T11:41:17.941360" elapsed="0.781468"/>
</kw>
<kw name="Wait Until Element Is Visible" owner="SeleniumLibrary">
<arg>id=desktop_dropdown_button</arg>
<arg>10s</arg>
<doc>Waits until the element ``locator`` is visible.</doc>
<status status="PASS" start="2025-06-03T11:41:18.722828" elapsed="0.067997"/>
</kw>
<kw name="Click Element" owner="SeleniumLibrary">
<msg time="2025-06-03T11:41:18.791827" level="INFO">Clicking element 'id=desktop_dropdown_button'.</msg>
<arg>id=desktop_dropdown_button</arg>
<doc>Click the element identified by ``locator``.</doc>
<status status="PASS" start="2025-06-03T11:41:18.790825" elapsed="0.192595"/>
</kw>
<kw name="Wait Until Element Is Visible" owner="SeleniumLibrary">
<arg>id=WindowsAccountSelectId</arg>
<arg>5s</arg>
<doc>Waits until the element ``locator`` is visible.</doc>
<status status="PASS" start="2025-06-03T11:41:18.983420" elapsed="0.038996"/>
</kw>
<kw name="Click Element" owner="SeleniumLibrary">
<msg time="2025-06-03T11:41:19.023416" level="INFO">Clicking element 'id=WindowsAccountSelectId'.</msg>
<arg>id=WindowsAccountSelectId</arg>
<doc>Click the element identified by ``locator``.</doc>
<status status="PASS" start="2025-06-03T11:41:19.023416" elapsed="0.126998"/>
</kw>
<kw name="Wait Until Element Is Visible" owner="SeleniumLibrary">
<arg>id=windowsSubmit</arg>
<arg>5s</arg>
<doc>Waits until the element ``locator`` is visible.</doc>
<status status="PASS" start="2025-06-03T11:41:19.150414" elapsed="0.031998"/>
</kw>
<kw name="Click Element" owner="SeleniumLibrary">
<msg time="2025-06-03T11:41:19.183417" level="INFO">Clicking element 'id=windowsSubmit'.</msg>
<arg>id=windowsSubmit</arg>
<doc>Click the element identified by ``locator``.</doc>
<status status="PASS" start="2025-06-03T11:41:19.182412" elapsed="0.542527"/>
</kw>
<kw name="Wait Until Page Contains" owner="SeleniumLibrary">
<arg>${PRIORITY_TEXT}</arg>
<arg>60s</arg>
<doc>Waits until ``text`` appears on the current page.</doc>
<status status="PASS" start="2025-06-03T11:41:19.725938" elapsed="11.266315"/>
</kw>
<status status="PASS" start="2025-06-03T11:41:16.150039" elapsed="14.843212"/>
</kw>
<test id="s1-s1-s1-t1" name="Create Group" line="43">
<kw name="Open Network Inventory" owner="common">
<kw name="Click Element" owner="SeleniumLibrary">
<msg time="2025-06-03T11:41:30.994252" level="INFO">Clicking element 'xpath=//figure[.//div[normalize-space(.)="Network Inventory"]]'.</msg>
<arg>xpath=//figure[.//div[normalize-space(.)="Network Inventory"]]</arg>
<doc>Click the element identified by ``locator``.</doc>
<status status="PASS" start="2025-06-03T11:41:30.994252" elapsed="1.451811"/>
</kw>
<kw name="Wait Until Page Contains" owner="SeleniumLibrary">
<arg>Network Inventory</arg>
<arg>10s</arg>
<doc>Waits until ``text`` appears on the current page.</doc>
<status status="PASS" start="2025-06-03T11:41:32.446063" elapsed="0.030001"/>
</kw>
<status status="PASS" start="2025-06-03T11:41:30.994252" elapsed="1.482813"/>
</kw>
<kw name="Expand Network Function" owner="common">
<kw name="Click Element" owner="SeleniumLibrary">
<msg time="2025-06-03T11:41:32.479070" level="INFO">Clicking element 'xpath=//md-list-item[.//p[normalize-space(.)="PNF/VNF Management"]]//button[contains(@class,"md-secondary")]'.</msg>
<arg>xpath=//md-list-item[.//p[normalize-space(.)="${Network_Element}"]]//button[contains(@class,"md-secondary")]</arg>
<doc>Click the element identified by ``locator``.</doc>
<status status="PASS" start="2025-06-03T11:41:32.478062" elapsed="0.506654"/>
</kw>
<kw name="Wait Until Element Is Visible" owner="SeleniumLibrary">
<arg>xpath=//span[normalize-space(.)="${PNF_Management_Node}"]</arg>
<arg>10s</arg>
<doc>Waits until the element ``locator`` is visible.</doc>
<status status="PASS" start="2025-06-03T11:41:32.984716" elapsed="2.253339"/>
</kw>
<status status="PASS" start="2025-06-03T11:41:32.477065" elapsed="2.760990"/>
</kw>
<kw name="Add AAA Entry">
<kw name="Wait Until Element Is Visible" owner="SeleniumLibrary">
<arg>xpath=//ul[@id="subMenuItemsColumn"]//li[.//span[normalize-space(.)="${PNF_Management_Node}"]]//md-icon[@role="button" and contains(@md-svg-src,"ic_add_box_24px.svg")]</arg>
<arg>15s</arg>
<doc>Waits until the element ``locator`` is visible.</doc>
<status status="PASS" start="2025-06-03T11:41:35.239054" elapsed="0.060001"/>
</kw>
<kw name="Click Element" owner="SeleniumLibrary">
<msg time="2025-06-03T11:41:35.300054" level="INFO">Clicking element 'xpath=//ul[@id="subMenuItemsColumn"]//li[.//span[normalize-space(.)="AAA"]]//md-icon[@role="button" and contains(@md-svg-src,"ic_add_box_24px.svg")]'.</msg>
<arg>xpath=//ul[@id="subMenuItemsColumn"]//li[.//span[normalize-space(.)="${PNF_Management_Node}"]]//md-icon[@role="button" and contains(@md-svg-src,"ic_add_box_24px.svg")]</arg>
<doc>Click the element identified by ``locator``.</doc>
<status status="PASS" start="2025-06-03T11:41:35.299055" elapsed="0.245533"/>
</kw>
<kw name="Sleep" owner="BuiltIn">
<msg time="2025-06-03T11:41:38.545542" level="INFO">Slept 3 seconds.</msg>
<arg>3s</arg>
<doc>Pauses the test executed for the given time.</doc>
<status status="PASS" start="2025-06-03T11:41:35.544588" elapsed="3.000954"/>
</kw>
<doc>Click the “+” icon under the AAA row</doc>
<status status="PASS" start="2025-06-03T11:41:35.239054" elapsed="3.306488"/>
</kw>
<for flavor="IN">
<iter>
<kw name="Fill Out Form">
<kw name="Set Variable" owner="BuiltIn">
<msg time="2025-06-03T11:41:38.547542" level="INFO">${loc1} = //legend[normalize-space(.)="AAA Details"]</msg>
<var>${loc1}</var>
<arg>//legend[normalize-space(.)="${section_header}"]</arg>
<doc>Returns the given values which can then be assigned to a variables.</doc>
<status status="PASS" start="2025-06-03T11:41:38.547542" elapsed="0.000000"/>
</kw>
<kw name="Run Keyword And Continue On Failure" owner="BuiltIn">
<kw name="Page Should Contain Element" owner="SeleniumLibrary">
<msg time="2025-06-03T11:41:38.572543" level="INFO">Current page contains element 'xpath=//legend[normalize-space(.)="AAA Details"]'.</msg>
<arg>xpath=${loc1}</arg>
<doc>Verifies that element ``locator`` is found on the current page.</doc>
<status status="PASS" start="2025-06-03T11:41:38.547542" elapsed="0.025001"/>
</kw>
<arg>Page Should Contain Element</arg>
<arg>xpath=${loc1}</arg>
<doc>Runs the keyword and continues execution even if a failure occurs.</doc>
<status status="PASS" start="2025-06-03T11:41:38.547542" elapsed="0.025001"/>
</kw>
<kw name="Set Variable" owner="BuiltIn">
<msg time="2025-06-03T11:41:38.572543" level="INFO">${loc2} = //legend[normalize-space(.)="AAA Details"]/following-sibling::div[1]</msg>
<var>${loc2}</var>
<arg>${loc1}/following-sibling::div[1]</arg>
<doc>Returns the given values which can then be assigned to a variables.</doc>
<status status="PASS" start="2025-06-03T11:41:38.572543" elapsed="0.000000"/>
</kw>
<kw name="Run Keyword And Continue On Failure" owner="BuiltIn">
<kw name="Page Should Contain Element" owner="SeleniumLibrary">
<msg time="2025-06-03T11:41:38.596570" level="INFO">Current page contains element 'xpath=//legend[normalize-space(.)="AAA Details"]/following-sibling::div[1]'.</msg>
<arg>xpath=${loc2}</arg>
<doc>Verifies that element ``locator`` is found on the current page.</doc>
<status status="PASS" start="2025-06-03T11:41:38.573542" elapsed="0.023028"/>
</kw>
<arg>Page Should Contain Element</arg>
<arg>xpath=${loc2}</arg>
<doc>Runs the keyword and continues execution even if a failure occurs.</doc>
<status status="PASS" start="2025-06-03T11:41:38.573542" elapsed="0.023028"/>
</kw>
<kw name="Set Variable" owner="BuiltIn">
<msg time="2025-06-03T11:41:38.597539" level="INFO">${loc3} = //legend[normalize-space(.)="AAA Details"]/following-sibling::div[1]//label[normalize-space(.)="Cluster Name"]</msg>
<var>${loc3}</var>
<arg>${loc2}//label[normalize-space(.)="${label_text}"]</arg>
<doc>Returns the given values which can then be assigned to a variables.</doc>
<status status="PASS" start="2025-06-03T11:41:38.596570" elapsed="0.000969"/>
</kw>
<kw name="Run Keyword And Continue On Failure" owner="BuiltIn">
<kw name="Page Should Contain Element" owner="SeleniumLibrary">
<msg time="2025-06-03T11:41:38.619548" level="INFO">Current page contains element 'xpath=//legend[normalize-space(.)="AAA Details"]/following-sibling::div[1]//label[normalize-space(.)="Cluster Name"]'.</msg>
<arg>xpath=${loc3}</arg>
<doc>Verifies that element ``locator`` is found on the current page.</doc>
<status status="PASS" start="2025-06-03T11:41:38.597539" elapsed="0.022009"/>
</kw>
<arg>Page Should Contain Element</arg>
<arg>xpath=${loc3}</arg>
<doc>Runs the keyword and continues execution even if a failure occurs.</doc>
<status status="PASS" start="2025-06-03T11:41:38.597539" elapsed="0.022009"/>
</kw>
<kw name="Input Text" owner="SeleniumLibrary">
<msg time="2025-06-03T11:41:38.620546" level="INFO">Typing text 'test32' into text field '//legend[normalize-space(.)="AAA Details"]/following-sibling::div[1]//label[normalize-space(.)="Cluster Name"]/following-sibling::input'.</msg>
<arg>${loc3}/following-sibling::input</arg>
<arg>${value}</arg>
<doc>Types the given ``text`` into the text field identified by ``locator``.</doc>
<status status="PASS" start="2025-06-03T11:41:38.620546" elapsed="0.304902"/>
</kw>
<kw name="Sleep" owner="BuiltIn">
<msg time="2025-06-03T11:41:39.925611" level="INFO">Slept 1 second.</msg>
<arg>1s</arg>
<doc>Pauses the test executed for the given time.</doc>
<status status="PASS" start="2025-06-03T11:41:38.925448" elapsed="1.000163"/>
</kw>
<arg>${section}</arg>
<arg>${label}</arg>
<arg>${value}</arg>
<status status="PASS" start="2025-06-03T11:41:38.546560" elapsed="1.379051"/>
</kw>
<var name="${section}">AAA Details</var>
<var name="${label}">Cluster Name</var>
<var name="${value}">test32</var>
<status status="PASS" start="2025-06-03T11:41:38.546560" elapsed="1.379051"/>
</iter>
<iter>
<kw name="Fill Out Form">
<kw name="Set Variable" owner="BuiltIn">
<msg time="2025-06-03T11:41:39.926687" level="INFO">${loc1} = //legend[normalize-space(.)="AAA Details"]</msg>
<var>${loc1}</var>
<arg>//legend[normalize-space(.)="${section_header}"]</arg>
<doc>Returns the given values which can then be assigned to a variables.</doc>
<status status="PASS" start="2025-06-03T11:41:39.926687" elapsed="0.000000"/>
</kw>
<kw name="Run Keyword And Continue On Failure" owner="BuiltIn">
<kw name="Page Should Contain Element" owner="SeleniumLibrary">
<msg time="2025-06-03T11:41:39.947707" level="INFO">Current page contains element 'xpath=//legend[normalize-space(.)="AAA Details"]'.</msg>
<arg>xpath=${loc1}</arg>
<doc>Verifies that element ``locator`` is found on the current page.</doc>
<status status="PASS" start="2025-06-03T11:41:39.927679" elapsed="0.020028"/>
</kw>
<arg>Page Should Contain Element</arg>
<arg>xpath=${loc1}</arg>
<doc>Runs the keyword and continues execution even if a failure occurs.</doc>
<status status="PASS" start="2025-06-03T11:41:39.927679" elapsed="0.020028"/>
</kw>
<kw name="Set Variable" owner="BuiltIn">
<msg time="2025-06-03T11:41:39.948680" level="INFO">${loc2} = //legend[normalize-space(.)="AAA Details"]/following-sibling::div[1]</msg>
<var>${loc2}</var>
<arg>${loc1}/following-sibling::div[1]</arg>
<doc>Returns the given values which can then be assigned to a variables.</doc>
<status status="PASS" start="2025-06-03T11:41:39.948680" elapsed="0.000000"/>
</kw>
<kw name="Run Keyword And Continue On Failure" owner="BuiltIn">
<kw name="Page Should Contain Element" owner="SeleniumLibrary">
<msg time="2025-06-03T11:41:39.967681" level="INFO">Current page contains element 'xpath=//legend[normalize-space(.)="AAA Details"]/following-sibling::div[1]'.</msg>
<arg>xpath=${loc2}</arg>
<doc>Verifies that element ``locator`` is found on the current page.</doc>
<status status="PASS" start="2025-06-03T11:41:39.949707" elapsed="0.017974"/>
</kw>
<arg>Page Should Contain Element</arg>
<arg>xpath=${loc2}</arg>
<doc>Runs the keyword and continues execution even if a failure occurs.</doc>
<status status="PASS" start="2025-06-03T11:41:39.949707" elapsed="0.017974"/>
</kw>
<kw name="Set Variable" owner="BuiltIn">
<msg time="2025-06-03T11:41:39.968680" level="INFO">${loc3} = //legend[normalize-space(.)="AAA Details"]/following-sibling::div[1]//label[normalize-space(.)="Execution Limit"]</msg>
<var>${loc3}</var>
<arg>${loc2}//label[normalize-space(.)="${label_text}"]</arg>
<doc>Returns the given values which can then be assigned to a variables.</doc>
<status status="PASS" start="2025-06-03T11:41:39.967681" elapsed="0.000999"/>
</kw>
<kw name="Run Keyword And Continue On Failure" owner="BuiltIn">
<kw name="Page Should Contain Element" owner="SeleniumLibrary">
<msg time="2025-06-03T11:41:39.987680" level="INFO">Current page contains element 'xpath=//legend[normalize-space(.)="AAA Details"]/following-sibling::div[1]//label[normalize-space(.)="Execution Limit"]'.</msg>
<arg>xpath=${loc3}</arg>
<doc>Verifies that element ``locator`` is found on the current page.</doc>
<status status="PASS" start="2025-06-03T11:41:39.968680" elapsed="0.019000"/>
</kw>
<arg>Page Should Contain Element</arg>
<arg>xpath=${loc3}</arg>
<doc>Runs the keyword and continues execution even if a failure occurs.</doc>
<status status="PASS" start="2025-06-03T11:41:39.968680" elapsed="0.019000"/>
</kw>
<kw name="Input Text" owner="SeleniumLibrary">
<msg time="2025-06-03T11:41:39.989678" level="INFO">Typing text '1' into text field '//legend[normalize-space(.)="AAA Details"]/following-sibling::div[1]//label[normalize-space(.)="Execution Limit"]/following-sibling::input'.</msg>
<arg>${loc3}/following-sibling::input</arg>
<arg>${value}</arg>
<doc>Types the given ``text`` into the text field identified by ``locator``.</doc>
<status status="PASS" start="2025-06-03T11:41:39.987680" elapsed="0.208000"/>
</kw>
<kw name="Sleep" owner="BuiltIn">
<msg time="2025-06-03T11:41:41.197683" level="INFO">Slept 1 second.</msg>
<arg>1s</arg>
<doc>Pauses the test executed for the given time.</doc>
<status status="PASS" start="2025-06-03T11:41:40.196705" elapsed="1.000978"/>
</kw>
<arg>${section}</arg>
<arg>${label}</arg>
<arg>${value}</arg>
<status status="PASS" start="2025-06-03T11:41:39.926159" elapsed="1.271524"/>
</kw>
<var name="${section}">AAA Details</var>
<var name="${label}">Execution Limit</var>
<var name="${value}">1</var>
<status status="PASS" start="2025-06-03T11:41:39.926159" elapsed="1.271524"/>
</iter>
<iter>
<kw name="Fill Out Form">
<kw name="Set Variable" owner="BuiltIn">
<msg time="2025-06-03T11:41:41.198684" level="INFO">${loc1} = //legend[normalize-space(.)="AAA Details 1"]</msg>
<var>${loc1}</var>
<arg>//legend[normalize-space(.)="${section_header}"]</arg>
<doc>Returns the given values which can then be assigned to a variables.</doc>
<status status="PASS" start="2025-06-03T11:41:41.198684" elapsed="0.000000"/>
</kw>
<kw name="Run Keyword And Continue On Failure" owner="BuiltIn">
<kw name="Page Should Contain Element" owner="SeleniumLibrary">
<msg time="2025-06-03T11:41:41.224682" level="INFO">Current page contains element 'xpath=//legend[normalize-space(.)="AAA Details 1"]'.</msg>
<arg>xpath=${loc1}</arg>
<doc>Verifies that element ``locator`` is found on the current page.</doc>
<status status="PASS" start="2025-06-03T11:41:41.199691" elapsed="0.024991"/>
</kw>
<arg>Page Should Contain Element</arg>
<arg>xpath=${loc1}</arg>
<doc>Runs the keyword and continues execution even if a failure occurs.</doc>
<status status="PASS" start="2025-06-03T11:41:41.199691" elapsed="0.024991"/>
</kw>
<kw name="Set Variable" owner="BuiltIn">
<msg time="2025-06-03T11:41:41.225713" level="INFO">${loc2} = //legend[normalize-space(.)="AAA Details 1"]/following-sibling::div[1]</msg>
<var>${loc2}</var>
<arg>${loc1}/following-sibling::div[1]</arg>
<doc>Returns the given values which can then be assigned to a variables.</doc>
<status status="PASS" start="2025-06-03T11:41:41.224682" elapsed="0.001031"/>
</kw>
<kw name="Run Keyword And Continue On Failure" owner="BuiltIn">
<kw name="Page Should Contain Element" owner="SeleniumLibrary">
<msg time="2025-06-03T11:41:41.247684" level="INFO">Current page contains element 'xpath=//legend[normalize-space(.)="AAA Details 1"]/following-sibling::div[1]'.</msg>
<arg>xpath=${loc2}</arg>
<doc>Verifies that element ``locator`` is found on the current page.</doc>
<status status="PASS" start="2025-06-03T11:41:41.225713" elapsed="0.022997"/>
</kw>
<arg>Page Should Contain Element</arg>
<arg>xpath=${loc2}</arg>
<doc>Runs the keyword and continues execution even if a failure occurs.</doc>
<status status="PASS" start="2025-06-03T11:41:41.225713" elapsed="0.022997"/>
</kw>
<kw name="Set Variable" owner="BuiltIn">
<msg time="2025-06-03T11:41:41.249682" level="INFO">${loc3} = //legend[normalize-space(.)="AAA Details 1"]/following-sibling::div[1]//label[normalize-space(.)="Name"]</msg>
<var>${loc3}</var>
<arg>${loc2}//label[normalize-space(.)="${label_text}"]</arg>
<doc>Returns the given values which can then be assigned to a variables.</doc>
<status status="PASS" start="2025-06-03T11:41:41.248710" elapsed="0.000972"/>
</kw>
<kw name="Run Keyword And Continue On Failure" owner="BuiltIn">
<kw name="Page Should Contain Element" owner="SeleniumLibrary">
<msg time="2025-06-03T11:41:41.271685" level="INFO">Current page contains element 'xpath=//legend[normalize-space(.)="AAA Details 1"]/following-sibling::div[1]//label[normalize-space(.)="Name"]'.</msg>
<arg>xpath=${loc3}</arg>
<doc>Verifies that element ``locator`` is found on the current page.</doc>
<status status="PASS" start="2025-06-03T11:41:41.249682" elapsed="0.022003"/>
</kw>
<arg>Page Should Contain Element</arg>
<arg>xpath=${loc3}</arg>
<doc>Runs the keyword and continues execution even if a failure occurs.</doc>
<status status="PASS" start="2025-06-03T11:41:41.249682" elapsed="0.022003"/>
</kw>
<kw name="Input Text" owner="SeleniumLibrary">
<msg time="2025-06-03T11:41:41.272708" level="INFO">Typing text 'test5' into text field '//legend[normalize-space(.)="AAA Details 1"]/following-sibling::div[1]//label[normalize-space(.)="Name"]/following-sibling::input'.</msg>
<arg>${loc3}/following-sibling::input</arg>
<arg>${value}</arg>
<doc>Types the given ``text`` into the text field identified by ``locator``.</doc>
<status status="PASS" start="2025-06-03T11:41:41.272708" elapsed="0.268974"/>
</kw>
<kw name="Sleep" owner="BuiltIn">
<msg time="2025-06-03T11:41:42.543623" level="INFO">Slept 1 second.</msg>
<arg>1s</arg>
<doc>Pauses the test executed for the given time.</doc>
<status status="PASS" start="2025-06-03T11:41:41.542679" elapsed="1.000944"/>
</kw>
<arg>${section}</arg>
<arg>${label}</arg>
<arg>${value}</arg>
<status status="PASS" start="2025-06-03T11:41:41.198684" elapsed="1.344939"/>
</kw>
<var name="${section}">AAA Details 1</var>
<var name="${label}">Name</var>
<var name="${value}">test5</var>
<status status="PASS" start="2025-06-03T11:41:41.197683" elapsed="1.345940"/>
</iter>
<iter>
<kw name="Fill Out Form">
<kw name="Set Variable" owner="BuiltIn">
<msg time="2025-06-03T11:41:42.544624" level="INFO">${loc1} = //legend[normalize-space(.)="AAA Details 1"]</msg>
<var>${loc1}</var>
<arg>//legend[normalize-space(.)="${section_header}"]</arg>
<doc>Returns the given values which can then be assigned to a variables.</doc>
<status status="PASS" start="2025-06-03T11:41:42.544624" elapsed="0.000000"/>
</kw>
<kw name="Run Keyword And Continue On Failure" owner="BuiltIn">
<kw name="Page Should Contain Element" owner="SeleniumLibrary">
<msg time="2025-06-03T11:41:42.564622" level="INFO">Current page contains element 'xpath=//legend[normalize-space(.)="AAA Details 1"]'.</msg>
<arg>xpath=${loc1}</arg>
<doc>Verifies that element ``locator`` is found on the current page.</doc>
<status status="PASS" start="2025-06-03T11:41:42.545623" elapsed="0.018999"/>
</kw>
<arg>Page Should Contain Element</arg>
<arg>xpath=${loc1}</arg>
<doc>Runs the keyword and continues execution even if a failure occurs.</doc>
<status status="PASS" start="2025-06-03T11:41:42.545623" elapsed="0.018999"/>
</kw>
<kw name="Set Variable" owner="BuiltIn">
<msg time="2025-06-03T11:41:42.564622" level="INFO">${loc2} = //legend[normalize-space(.)="AAA Details 1"]/following-sibling::div[1]</msg>
<var>${loc2}</var>
<arg>${loc1}/following-sibling::div[1]</arg>
<doc>Returns the given values which can then be assigned to a variables.</doc>
<status status="PASS" start="2025-06-03T11:41:42.564622" elapsed="0.000000"/>
</kw>
<kw name="Run Keyword And Continue On Failure" owner="BuiltIn">
<kw name="Page Should Contain Element" owner="SeleniumLibrary">
<msg time="2025-06-03T11:41:42.583622" level="INFO">Current page contains element 'xpath=//legend[normalize-space(.)="AAA Details 1"]/following-sibling::div[1]'.</msg>
<arg>xpath=${loc2}</arg>
<doc>Verifies that element ``locator`` is found on the current page.</doc>
<status status="PASS" start="2025-06-03T11:41:42.565624" elapsed="0.017998"/>
</kw>
<arg>Page Should Contain Element</arg>
<arg>xpath=${loc2}</arg>
<doc>Runs the keyword and continues execution even if a failure occurs.</doc>
<status status="PASS" start="2025-06-03T11:41:42.564622" elapsed="0.019000"/>
</kw>
<kw name="Set Variable" owner="BuiltIn">
<msg time="2025-06-03T11:41:42.584594" level="INFO">${loc3} = //legend[normalize-space(.)="AAA Details 1"]/following-sibling::div[1]//label[normalize-space(.)="Software Release"]</msg>
<var>${loc3}</var>
<arg>${loc2}//label[normalize-space(.)="${label_text}"]</arg>
<doc>Returns the given values which can then be assigned to a variables.</doc>
<status status="PASS" start="2025-06-03T11:41:42.583622" elapsed="0.000972"/>
</kw>
<kw name="Run Keyword And Continue On Failure" owner="BuiltIn">
<kw name="Page Should Contain Element" owner="SeleniumLibrary">
<msg time="2025-06-03T11:41:42.605624" level="INFO">Current page contains element 'xpath=//legend[normalize-space(.)="AAA Details 1"]/following-sibling::div[1]//label[normalize-space(.)="Software Release"]'.</msg>
<arg>xpath=${loc3}</arg>
<doc>Verifies that element ``locator`` is found on the current page.</doc>
<status status="PASS" start="2025-06-03T11:41:42.584594" elapsed="0.022033"/>
</kw>
<arg>Page Should Contain Element</arg>
<arg>xpath=${loc3}</arg>
<doc>Runs the keyword and continues execution even if a failure occurs.</doc>
<status status="PASS" start="2025-06-03T11:41:42.584594" elapsed="0.022033"/>
</kw>
<kw name="Input Text" owner="SeleniumLibrary">
<msg time="2025-06-03T11:41:42.606627" level="INFO">Typing text 'test1' into text field '//legend[normalize-space(.)="AAA Details 1"]/following-sibling::div[1]//label[normalize-space(.)="Software Release"]/following-sibling::input'.</msg>
<arg>${loc3}/following-sibling::input</arg>
<arg>${value}</arg>
<doc>Types the given ``text`` into the text field identified by ``locator``.</doc>
<status status="PASS" start="2025-06-03T11:41:42.606627" elapsed="0.279979"/>
</kw>
<kw name="Sleep" owner="BuiltIn">
<msg time="2025-06-03T11:41:43.888502" level="INFO">Slept 1 second.</msg>
<arg>1s</arg>
<doc>Pauses the test executed for the given time.</doc>
<status status="PASS" start="2025-06-03T11:41:42.886606" elapsed="1.001896"/>
</kw>
<arg>${section}</arg>
<arg>${label}</arg>
<arg>${value}</arg>
<status status="PASS" start="2025-06-03T11:41:42.544624" elapsed="1.343878"/>
</kw>
<var name="${section}">AAA Details 1</var>
<var name="${label}">Software Release</var>
<var name="${value}">test1</var>
<status status="PASS" start="2025-06-03T11:41:42.543623" elapsed="1.345880"/>
</iter>
<iter>
<kw name="Fill Out Form">
<kw name="Set Variable" owner="BuiltIn">
<msg time="2025-06-03T11:41:43.890504" level="INFO">${loc1} = //legend[normalize-space(.)="AAA Details 1"]</msg>
<var>${loc1}</var>
<arg>//legend[normalize-space(.)="${section_header}"]</arg>
<doc>Returns the given values which can then be assigned to a variables.</doc>
<status status="PASS" start="2025-06-03T11:41:43.890504" elapsed="0.000000"/>
</kw>
<kw name="Run Keyword And Continue On Failure" owner="BuiltIn">
<kw name="Page Should Contain Element" owner="SeleniumLibrary">
<msg time="2025-06-03T11:41:43.913053" level="INFO">Current page contains element 'xpath=//legend[normalize-space(.)="AAA Details 1"]'.</msg>
<arg>xpath=${loc1}</arg>
<doc>Verifies that element ``locator`` is found on the current page.</doc>
<status status="PASS" start="2025-06-03T11:41:43.890504" elapsed="0.022549"/>
</kw>
<arg>Page Should Contain Element</arg>
<arg>xpath=${loc1}</arg>
<doc>Runs the keyword and continues execution even if a failure occurs.</doc>
<status status="PASS" start="2025-06-03T11:41:43.890504" elapsed="0.022549"/>
</kw>
<kw name="Set Variable" owner="BuiltIn">
<msg time="2025-06-03T11:41:43.913053" level="INFO">${loc2} = //legend[normalize-space(.)="AAA Details 1"]/following-sibling::div[1]</msg>
<var>${loc2}</var>
<arg>${loc1}/following-sibling::div[1]</arg>
<doc>Returns the given values which can then be assigned to a variables.</doc>
<status status="PASS" start="2025-06-03T11:41:43.913053" elapsed="0.000000"/>
</kw>
<kw name="Run Keyword And Continue On Failure" owner="BuiltIn">
<kw name="Page Should Contain Element" owner="SeleniumLibrary">
<msg time="2025-06-03T11:41:43.936641" level="INFO">Current page contains element 'xpath=//legend[normalize-space(.)="AAA Details 1"]/following-sibling::div[1]'.</msg>
<arg>xpath=${loc2}</arg>
<doc>Verifies that element ``locator`` is found on the current page.</doc>
<status status="PASS" start="2025-06-03T11:41:43.914049" elapsed="0.022592"/>
</kw>
<arg>Page Should Contain Element</arg>
<arg>xpath=${loc2}</arg>
<doc>Runs the keyword and continues execution even if a failure occurs.</doc>
<status status="PASS" start="2025-06-03T11:41:43.914049" elapsed="0.022592"/>
</kw>
<kw name="Set Variable" owner="BuiltIn">
<msg time="2025-06-03T11:41:43.937642" level="INFO">${loc3} = //legend[normalize-space(.)="AAA Details 1"]/following-sibling::div[1]//label[normalize-space(.)="AAA Destination Host"]</msg>
<var>${loc3}</var>
<arg>${loc2}//label[normalize-space(.)="${label_text}"]</arg>
<doc>Returns the given values which can then be assigned to a variables.</doc>
<status status="PASS" start="2025-06-03T11:41:43.936641" elapsed="0.001001"/>
</kw>
<kw name="Run Keyword And Continue On Failure" owner="BuiltIn">
<kw name="Page Should Contain Element" owner="SeleniumLibrary">
<msg time="2025-06-03T11:41:43.961639" level="INFO">Current page contains element 'xpath=//legend[normalize-space(.)="AAA Details 1"]/following-sibling::div[1]//label[normalize-space(.)="AAA Destination Host"]'.</msg>
<arg>xpath=${loc3}</arg>
<doc>Verifies that element ``locator`` is found on the current page.</doc>
<status status="PASS" start="2025-06-03T11:41:43.937642" elapsed="0.023997"/>
</kw>
<arg>Page Should Contain Element</arg>
<arg>xpath=${loc3}</arg>
<doc>Runs the keyword and continues execution even if a failure occurs.</doc>
<status status="PASS" start="2025-06-03T11:41:43.937642" elapsed="0.023997"/>
</kw>
<kw name="Input Text" owner="SeleniumLibrary">
<msg time="2025-06-03T11:41:43.962668" level="INFO">Typing text 'test1' into text field '//legend[normalize-space(.)="AAA Details 1"]/following-sibling::div[1]//label[normalize-space(.)="AAA Destination Host"]/following-sibling::input'.</msg>
<arg>${loc3}/following-sibling::input</arg>
<arg>${value}</arg>
<doc>Types the given ``text`` into the text field identified by ``locator``.</doc>
<status status="PASS" start="2025-06-03T11:41:43.962668" elapsed="0.298969"/>
</kw>
<kw name="Sleep" owner="BuiltIn">
<msg time="2025-06-03T11:41:45.262094" level="INFO">Slept 1 second.</msg>
<arg>1s</arg>
<doc>Pauses the test executed for the given time.</doc>
<status status="PASS" start="2025-06-03T11:41:44.261637" elapsed="1.000457"/>
</kw>
<arg>${section}</arg>
<arg>${label}</arg>
<arg>${value}</arg>
<status status="PASS" start="2025-06-03T11:41:43.889503" elapsed="1.372591"/>
</kw>
<var name="${section}">AAA Details 1</var>
<var name="${label}">AAA Destination Host</var>
<var name="${value}">test1</var>
<status status="PASS" start="2025-06-03T11:41:43.889503" elapsed="1.372591"/>
</iter>
<iter>
<kw name="Fill Out Form">
<kw name="Set Variable" owner="BuiltIn">
<msg time="2025-06-03T11:41:45.265124" level="INFO">${loc1} = //legend[normalize-space(.)="DRA Details"]</msg>
<var>${loc1}</var>
<arg>//legend[normalize-space(.)="${section_header}"]</arg>
<doc>Returns the given values which can then be assigned to a variables.</doc>
<status status="PASS" start="2025-06-03T11:41:45.264127" elapsed="0.000997"/>
</kw>
<kw name="Run Keyword And Continue On Failure" owner="BuiltIn">
<kw name="Page Should Contain Element" owner="SeleniumLibrary">
<msg time="2025-06-03T11:41:45.288095" level="INFO">Current page contains element 'xpath=//legend[normalize-space(.)="DRA Details"]'.</msg>
<arg>xpath=${loc1}</arg>
<doc>Verifies that element ``locator`` is found on the current page.</doc>
<status status="PASS" start="2025-06-03T11:41:45.266129" elapsed="0.022975"/>
</kw>
<arg>Page Should Contain Element</arg>
<arg>xpath=${loc1}</arg>
<doc>Runs the keyword and continues execution even if a failure occurs.</doc>
<status status="PASS" start="2025-06-03T11:41:45.265124" elapsed="0.023980"/>
</kw>
<kw name="Set Variable" owner="BuiltIn">
<msg time="2025-06-03T11:41:45.289104" level="INFO">${loc2} = //legend[normalize-space(.)="DRA Details"]/following-sibling::div[1]</msg>
<var>${loc2}</var>
<arg>${loc1}/following-sibling::div[1]</arg>
<doc>Returns the given values which can then be assigned to a variables.</doc>
<status status="PASS" start="2025-06-03T11:41:45.289104" elapsed="0.000000"/>
</kw>
<kw name="Run Keyword And Continue On Failure" owner="BuiltIn">
<kw name="Page Should Contain Element" owner="SeleniumLibrary">
<msg time="2025-06-03T11:41:45.309094" level="INFO">Current page contains element 'xpath=//legend[normalize-space(.)="DRA Details"]/following-sibling::div[1]'.</msg>
<arg>xpath=${loc2}</arg>
<doc>Verifies that element ``locator`` is found on the current page.</doc>
<status status="PASS" start="2025-06-03T11:41:45.290098" elapsed="0.018996"/>
</kw>
<arg>Page Should Contain Element</arg>
<arg>xpath=${loc2}</arg>
<doc>Runs the keyword and continues execution even if a failure occurs.</doc>
<status status="PASS" start="2025-06-03T11:41:45.289104" elapsed="0.019990"/>
</kw>
<kw name="Set Variable" owner="BuiltIn">
<msg time="2025-06-03T11:41:45.310098" level="INFO">${loc3} = //legend[normalize-space(.)="DRA Details"]/following-sibling::div[1]//label[normalize-space(.)="DRA SWm IPv6"]</msg>
<var>${loc3}</var>
<arg>${loc2}//label[normalize-space(.)="${label_text}"]</arg>
<doc>Returns the given values which can then be assigned to a variables.</doc>
<status status="PASS" start="2025-06-03T11:41:45.310098" elapsed="0.000000"/>
</kw>
<kw name="Run Keyword And Continue On Failure" owner="BuiltIn">
<kw name="Page Should Contain Element" owner="SeleniumLibrary">
<msg time="2025-06-03T11:41:45.334095" level="INFO">Current page contains element 'xpath=//legend[normalize-space(.)="DRA Details"]/following-sibling::div[1]//label[normalize-space(.)="DRA SWm IPv6"]'.</msg>
<arg>xpath=${loc3}</arg>
<doc>Verifies that element ``locator`` is found on the current page.</doc>
<status status="PASS" start="2025-06-03T11:41:45.310098" elapsed="0.023997"/>
</kw>
<arg>Page Should Contain Element</arg>
<arg>xpath=${loc3}</arg>
<doc>Runs the keyword and continues execution even if a failure occurs.</doc>
<status status="PASS" start="2025-06-03T11:41:45.310098" elapsed="0.023997"/>
</kw>
<kw name="Input Text" owner="SeleniumLibrary">
<msg time="2025-06-03T11:41:45.335127" level="INFO">Typing text '1::1' into text field '//legend[normalize-space(.)="DRA Details"]/following-sibling::div[1]//label[normalize-space(.)="DRA SWm IPv6"]/following-sibling::input'.</msg>
<arg>${loc3}/following-sibling::input</arg>
<arg>${value}</arg>
<doc>Types the given ``text`` into the text field identified by ``locator``.</doc>
<status status="PASS" start="2025-06-03T11:41:45.334095" elapsed="0.267026"/>
</kw>
<kw name="Sleep" owner="BuiltIn">
<msg time="2025-06-03T11:41:46.603031" level="INFO">Slept 1 second.</msg>
<arg>1s</arg>
<doc>Pauses the test executed for the given time.</doc>
<status status="PASS" start="2025-06-03T11:41:45.601121" elapsed="1.001910"/>
</kw>
<arg>${section}</arg>
<arg>${label}</arg>
<arg>${value}</arg>
<status status="PASS" start="2025-06-03T11:41:45.263124" elapsed="1.339907"/>
</kw>
<var name="${section}">DRA Details</var>
<var name="${label}">DRA SWm IPv6</var>
<var name="${value}">1::1</var>
<status status="PASS" start="2025-06-03T11:41:45.263124" elapsed="1.339907"/>
</iter>
<iter>
<kw name="Fill Out Form">
<kw name="Set Variable" owner="BuiltIn">
<msg time="2025-06-03T11:41:46.604059" level="INFO">${loc1} = //legend[normalize-space(.)="DRA Details"]</msg>
<var>${loc1}</var>
<arg>//legend[normalize-space(.)="${section_header}"]</arg>
<doc>Returns the given values which can then be assigned to a variables.</doc>
<status status="PASS" start="2025-06-03T11:41:46.604059" elapsed="0.000000"/>
</kw>
<kw name="Run Keyword And Continue On Failure" owner="BuiltIn">
<kw name="Page Should Contain Element" owner="SeleniumLibrary">
<msg time="2025-06-03T11:41:46.624059" level="INFO">Current page contains element 'xpath=//legend[normalize-space(.)="DRA Details"]'.</msg>
<arg>xpath=${loc1}</arg>
<doc>Verifies that element ``locator`` is found on the current page.</doc>
<status status="PASS" start="2025-06-03T11:41:46.605059" elapsed="0.019000"/>
</kw>
<arg>Page Should Contain Element</arg>
<arg>xpath=${loc1}</arg>
<doc>Runs the keyword and continues execution even if a failure occurs.</doc>
<status status="PASS" start="2025-06-03T11:41:46.605059" elapsed="0.019000"/>
</kw>
<kw name="Set Variable" owner="BuiltIn">
<msg time="2025-06-03T11:41:46.624059" level="INFO">${loc2} = //legend[normalize-space(.)="DRA Details"]/following-sibling::div[1]</msg>
<var>${loc2}</var>
<arg>${loc1}/following-sibling::div[1]</arg>
<doc>Returns the given values which can then be assigned to a variables.</doc>
<status status="PASS" start="2025-06-03T11:41:46.624059" elapsed="0.000000"/>
</kw>
<kw name="Run Keyword And Continue On Failure" owner="BuiltIn">
<kw name="Page Should Contain Element" owner="SeleniumLibrary">
<msg time="2025-06-03T11:41:46.642028" level="INFO">Current page contains element 'xpath=//legend[normalize-space(.)="DRA Details"]/following-sibling::div[1]'.</msg>
<arg>xpath=${loc2}</arg>
<doc>Verifies that element ``locator`` is found on the current page.</doc>
<status status="PASS" start="2025-06-03T11:41:46.625059" elapsed="0.016969"/>
</kw>
<arg>Page Should Contain Element</arg>
<arg>xpath=${loc2}</arg>
<doc>Runs the keyword and continues execution even if a failure occurs.</doc>
<status status="PASS" start="2025-06-03T11:41:46.625059" elapsed="0.016969"/>
</kw>
<kw name="Set Variable" owner="BuiltIn">
<msg time="2025-06-03T11:41:46.643065" level="INFO">${loc3} = //legend[normalize-space(.)="DRA Details"]/following-sibling::div[1]//label[normalize-space(.)="DRA SWm IPv4"]</msg>
<var>${loc3}</var>
<arg>${loc2}//label[normalize-space(.)="${label_text}"]</arg>
<doc>Returns the given values which can then be assigned to a variables.</doc>
<status status="PASS" start="2025-06-03T11:41:46.642028" elapsed="0.001037"/>
</kw>
<kw name="Run Keyword And Continue On Failure" owner="BuiltIn">
<kw name="Page Should Contain Element" owner="SeleniumLibrary">
<msg time="2025-06-03T11:41:46.666034" level="INFO">Current page contains element 'xpath=//legend[normalize-space(.)="DRA Details"]/following-sibling::div[1]//label[normalize-space(.)="DRA SWm IPv4"]'.</msg>
<arg>xpath=${loc3}</arg>
<doc>Verifies that element ``locator`` is found on the current page.</doc>
<status status="PASS" start="2025-06-03T11:41:46.643065" elapsed="0.023963"/>
</kw>
<arg>Page Should Contain Element</arg>
<arg>xpath=${loc3}</arg>
<doc>Runs the keyword and continues execution even if a failure occurs.</doc>
<status status="PASS" start="2025-06-03T11:41:46.643065" elapsed="0.023963"/>
</kw>
<kw name="Input Text" owner="SeleniumLibrary">
<msg time="2025-06-03T11:41:46.667028" level="INFO">Typing text '1.1.1.1' into text field '//legend[normalize-space(.)="DRA Details"]/following-sibling::div[1]//label[normalize-space(.)="DRA SWm IPv4"]/following-sibling::input'.</msg>
<arg>${loc3}/following-sibling::input</arg>
<arg>${value}</arg>
<doc>Types the given ``text`` into the text field identified by ``locator``.</doc>
<status status="PASS" start="2025-06-03T11:41:46.667028" elapsed="0.282997"/>
</kw>
<kw name="Sleep" owner="BuiltIn">
<msg time="2025-06-03T11:41:47.950437" level="INFO">Slept 1 second.</msg>
<arg>1s</arg>
<doc>Pauses the test executed for the given time.</doc>
<status status="PASS" start="2025-06-03T11:41:46.950025" elapsed="1.000412"/>
</kw>
<arg>${section}</arg>
<arg>${label}</arg>
<arg>${value}</arg>
<status status="PASS" start="2025-06-03T11:41:46.604059" elapsed="1.346378"/>
</kw>
<var name="${section}">DRA Details</var>
<var name="${label}">DRA SWm IPv4</var>
<var name="${value}">1.1.1.1</var>
<status status="PASS" start="2025-06-03T11:41:46.603031" elapsed="1.347406"/>
</iter>
<iter>
<kw name="Fill Out Form">
<kw name="Set Variable" owner="BuiltIn">
<msg time="2025-06-03T11:41:47.951440" level="INFO">${loc1} = //legend[normalize-space(.)="DRA Details"]</msg>
<var>${loc1}</var>
<arg>//legend[normalize-space(.)="${section_header}"]</arg>
<doc>Returns the given values which can then be assigned to a variables.</doc>
<status status="PASS" start="2025-06-03T11:41:47.951440" elapsed="0.000991"/>
</kw>
<kw name="Run Keyword And Continue On Failure" owner="BuiltIn">
<kw name="Page Should Contain Element" owner="SeleniumLibrary">
<msg time="2025-06-03T11:41:47.970430" level="INFO">Current page contains element 'xpath=//legend[normalize-space(.)="DRA Details"]'.</msg>
<arg>xpath=${loc1}</arg>
<doc>Verifies that element ``locator`` is found on the current page.</doc>
<status status="PASS" start="2025-06-03T11:41:47.952431" elapsed="0.017999"/>
</kw>
<arg>Page Should Contain Element</arg>
<arg>xpath=${loc1}</arg>
<doc>Runs the keyword and continues execution even if a failure occurs.</doc>
<status status="PASS" start="2025-06-03T11:41:47.952431" elapsed="0.017999"/>
</kw>
<kw name="Set Variable" owner="BuiltIn">
<msg time="2025-06-03T11:41:47.971431" level="INFO">${loc2} = //legend[normalize-space(.)="DRA Details"]/following-sibling::div[1]</msg>
<var>${loc2}</var>
<arg>${loc1}/following-sibling::div[1]</arg>
<doc>Returns the given values which can then be assigned to a variables.</doc>
<status status="PASS" start="2025-06-03T11:41:47.970430" elapsed="0.001001"/>
</kw>
<kw name="Run Keyword And Continue On Failure" owner="BuiltIn">
<kw name="Page Should Contain Element" owner="SeleniumLibrary">
<msg time="2025-06-03T11:41:48.002406" level="INFO">Current page contains element 'xpath=//legend[normalize-space(.)="DRA Details"]/following-sibling::div[1]'.</msg>
<arg>xpath=${loc2}</arg>
<doc>Verifies that element ``locator`` is found on the current page.</doc>
<status status="PASS" start="2025-06-03T11:41:47.971431" elapsed="0.030975"/>
</kw>
<arg>Page Should Contain Element</arg>
<arg>xpath=${loc2}</arg>
<doc>Runs the keyword and continues execution even if a failure occurs.</doc>
<status status="PASS" start="2025-06-03T11:41:47.971431" elapsed="0.032003"/>
</kw>
<kw name="Set Variable" owner="BuiltIn">
<msg time="2025-06-03T11:41:48.003434" level="INFO">${loc3} = //legend[normalize-space(.)="DRA Details"]/following-sibling::div[1]//label[normalize-space(.)="DRA Destination Host"]</msg>
<var>${loc3}</var>
<arg>${loc2}//label[normalize-space(.)="${label_text}"]</arg>
<doc>Returns the given values which can then be assigned to a variables.</doc>
<status status="PASS" start="2025-06-03T11:41:48.003434" elapsed="0.000000"/>
</kw>
<kw name="Run Keyword And Continue On Failure" owner="BuiltIn">
<kw name="Page Should Contain Element" owner="SeleniumLibrary">
<msg time="2025-06-03T11:41:48.033403" level="INFO">Current page contains element 'xpath=//legend[normalize-space(.)="DRA Details"]/following-sibling::div[1]//label[normalize-space(.)="DRA Destination Host"]'.</msg>
<arg>xpath=${loc3}</arg>
<doc>Verifies that element ``locator`` is found on the current page.</doc>
<status status="PASS" start="2025-06-03T11:41:48.004431" elapsed="0.028972"/>
</kw>
<arg>Page Should Contain Element</arg>
<arg>xpath=${loc3}</arg>
<doc>Runs the keyword and continues execution even if a failure occurs.</doc>
<status status="PASS" start="2025-06-03T11:41:48.003434" elapsed="0.029969"/>
</kw>
<kw name="Input Text" owner="SeleniumLibrary">
<msg time="2025-06-03T11:41:48.033403" level="INFO">Typing text 'test1' into text field '//legend[normalize-space(.)="DRA Details"]/following-sibling::div[1]//label[normalize-space(.)="DRA Destination Host"]/following-sibling::input'.</msg>
<arg>${loc3}/following-sibling::input</arg>
<arg>${value}</arg>
<doc>Types the given ``text`` into the text field identified by ``locator``.</doc>
<status status="PASS" start="2025-06-03T11:41:48.033403" elapsed="0.269994"/>
</kw>
<kw name="Sleep" owner="BuiltIn">
<msg time="2025-06-03T11:41:49.304948" level="INFO">Slept 1 second.</msg>
<arg>1s</arg>
<doc>Pauses the test executed for the given time.</doc>
<status status="PASS" start="2025-06-03T11:41:48.304427" elapsed="1.000521"/>
</kw>
<arg>${section}</arg>
<arg>${label}</arg>
<arg>${value}</arg>
<status status="PASS" start="2025-06-03T11:41:47.951440" elapsed="1.353508"/>
</kw>
<var name="${section}">DRA Details</var>
<var name="${label}">DRA Destination Host</var>
<var name="${value}">test1</var>
<status status="PASS" start="2025-06-03T11:41:47.950437" elapsed="1.354511"/>
</iter>
<iter>
<kw name="Fill Out Form">
<kw name="Set Variable" owner="BuiltIn">
<msg time="2025-06-03T11:41:49.305951" level="INFO">${loc1} = //legend[normalize-space(.)="DRA Details"]</msg>
<var>${loc1}</var>
<arg>//legend[normalize-space(.)="${section_header}"]</arg>
<doc>Returns the given values which can then be assigned to a variables.</doc>
<status status="PASS" start="2025-06-03T11:41:49.305951" elapsed="0.000000"/>
</kw>
<kw name="Run Keyword And Continue On Failure" owner="BuiltIn">
<kw name="Page Should Contain Element" owner="SeleniumLibrary">
<msg time="2025-06-03T11:41:49.330950" level="INFO">Current page contains element 'xpath=//legend[normalize-space(.)="DRA Details"]'.</msg>
<arg>xpath=${loc1}</arg>
<doc>Verifies that element ``locator`` is found on the current page.</doc>
<status status="PASS" start="2025-06-03T11:41:49.306951" elapsed="0.023999"/>
</kw>
<arg>Page Should Contain Element</arg>
<arg>xpath=${loc1}</arg>
<doc>Runs the keyword and continues execution even if a failure occurs.</doc>
<status status="PASS" start="2025-06-03T11:41:49.306951" elapsed="0.023999"/>
</kw>
<kw name="Set Variable" owner="BuiltIn">
<msg time="2025-06-03T11:41:49.331977" level="INFO">${loc2} = //legend[normalize-space(.)="DRA Details"]/following-sibling::div[1]</msg>
<var>${loc2}</var>
<arg>${loc1}/following-sibling::div[1]</arg>
<doc>Returns the given values which can then be assigned to a variables.</doc>
<status status="PASS" start="2025-06-03T11:41:49.330950" elapsed="0.001027"/>
</kw>
<kw name="Run Keyword And Continue On Failure" owner="BuiltIn">
<kw name="Page Should Contain Element" owner="SeleniumLibrary">
<msg time="2025-06-03T11:41:49.349950" level="INFO">Current page contains element 'xpath=//legend[normalize-space(.)="DRA Details"]/following-sibling::div[1]'.</msg>
<arg>xpath=${loc2}</arg>
<doc>Verifies that element ``locator`` is found on the current page.</doc>
<status status="PASS" start="2025-06-03T11:41:49.331977" elapsed="0.017973"/>
</kw>
<arg>Page Should Contain Element</arg>
<arg>xpath=${loc2}</arg>
<doc>Runs the keyword and continues execution even if a failure occurs.</doc>
<status status="PASS" start="2025-06-03T11:41:49.331977" elapsed="0.017973"/>
</kw>
<kw name="Set Variable" owner="BuiltIn">
<msg time="2025-06-03T11:41:49.349950" level="INFO">${loc3} = //legend[normalize-space(.)="DRA Details"]/following-sibling::div[1]//label[normalize-space(.)="DRA Destination Realm"]</msg>
<var>${loc3}</var>
<arg>${loc2}//label[normalize-space(.)="${label_text}"]</arg>
<doc>Returns the given values which can then be assigned to a variables.</doc>
<status status="PASS" start="2025-06-03T11:41:49.349950" elapsed="0.000000"/>
</kw>
<kw name="Run Keyword And Continue On Failure" owner="BuiltIn">
<kw name="Page Should Contain Element" owner="SeleniumLibrary">
<msg time="2025-06-03T11:41:49.371947" level="INFO">Current page contains element 'xpath=//legend[normalize-space(.)="DRA Details"]/following-sibling::div[1]//label[normalize-space(.)="DRA Destination Realm"]'.</msg>
<arg>xpath=${loc3}</arg>
<doc>Verifies that element ``locator`` is found on the current page.</doc>
<status status="PASS" start="2025-06-03T11:41:49.350974" elapsed="0.020973"/>
</kw>
<arg>Page Should Contain Element</arg>
<arg>xpath=${loc3}</arg>
<doc>Runs the keyword and continues execution even if a failure occurs.</doc>
<status status="PASS" start="2025-06-03T11:41:49.350974" elapsed="0.020973"/>
</kw>
<kw name="Input Text" owner="SeleniumLibrary">
<msg time="2025-06-03T11:41:49.372975" level="INFO">Typing text 'test1' into text field '//legend[normalize-space(.)="DRA Details"]/following-sibling::div[1]//label[normalize-space(.)="DRA Destination Realm"]/following-sibling::input'.</msg>
<arg>${loc3}/following-sibling::input</arg>
<arg>${value}</arg>
<doc>Types the given ``text`` into the text field identified by ``locator``.</doc>
<status status="PASS" start="2025-06-03T11:41:49.371947" elapsed="0.274997"/>
</kw>
<kw name="Sleep" owner="BuiltIn">
<msg time="2025-06-03T11:41:50.648708" level="INFO">Slept 1 second.</msg>
<arg>1s</arg>
<doc>Pauses the test executed for the given time.</doc>
<status status="PASS" start="2025-06-03T11:41:49.646944" elapsed="1.001764"/>
</kw>
<arg>${section}</arg>
<arg>${label}</arg>
<arg>${value}</arg>
<status status="PASS" start="2025-06-03T11:41:49.305951" elapsed="1.342757"/>
</kw>
<var name="${section}">DRA Details</var>
<var name="${label}">DRA Destination Realm</var>
<var name="${value}">test1</var>
<status status="PASS" start="2025-06-03T11:41:49.304948" elapsed="1.343760"/>
</iter>
<iter>
<kw name="Fill Out Form">
<kw name="Set Variable" owner="BuiltIn">
<msg time="2025-06-03T11:41:50.651714" level="INFO">${loc1} = //legend[normalize-space(.)="AAA Details 2"]</msg>
<var>${loc1}</var>
<arg>//legend[normalize-space(.)="${section_header}"]</arg>
<doc>Returns the given values which can then be assigned to a variables.</doc>
<status status="PASS" start="2025-06-03T11:41:50.650711" elapsed="0.001003"/>
</kw>
<kw name="Run Keyword And Continue On Failure" owner="BuiltIn">
<kw name="Page Should Contain Element" owner="SeleniumLibrary">
<msg time="2025-06-03T11:41:50.677707" level="INFO">Current page contains element 'xpath=//legend[normalize-space(.)="AAA Details 2"]'.</msg>
<arg>xpath=${loc1}</arg>
<doc>Verifies that element ``locator`` is found on the current page.</doc>
<status status="PASS" start="2025-06-03T11:41:50.652687" elapsed="0.025020"/>
</kw>
<arg>Page Should Contain Element</arg>
<arg>xpath=${loc1}</arg>
<doc>Runs the keyword and continues execution even if a failure occurs.</doc>
<status status="PASS" start="2025-06-03T11:41:50.651714" elapsed="0.027002"/>
</kw>
<kw name="Set Variable" owner="BuiltIn">
<msg time="2025-06-03T11:41:50.678716" level="INFO">${loc2} = //legend[normalize-space(.)="AAA Details 2"]/following-sibling::div[1]</msg>
<var>${loc2}</var>
<arg>${loc1}/following-sibling::div[1]</arg>
<doc>Returns the given values which can then be assigned to a variables.</doc>
<status status="PASS" start="2025-06-03T11:41:50.678716" elapsed="0.000000"/>
</kw>
<kw name="Run Keyword And Continue On Failure" owner="BuiltIn">
<kw name="Page Should Contain Element" owner="SeleniumLibrary">
<msg time="2025-06-03T11:41:50.700678" level="INFO">Current page contains element 'xpath=//legend[normalize-space(.)="AAA Details 2"]/following-sibling::div[1]'.</msg>
<arg>xpath=${loc2}</arg>
<doc>Verifies that element ``locator`` is found on the current page.</doc>
<status status="PASS" start="2025-06-03T11:41:50.679708" elapsed="0.020970"/>
</kw>
<arg>Page Should Contain Element</arg>
<arg>xpath=${loc2}</arg>
<doc>Runs the keyword and continues execution even if a failure occurs.</doc>
<status status="PASS" start="2025-06-03T11:41:50.679708" elapsed="0.020970"/>
</kw>
<kw name="Set Variable" owner="BuiltIn">
<msg time="2025-06-03T11:41:50.701678" level="INFO">${loc3} = //legend[normalize-space(.)="AAA Details 2"]/following-sibling::div[1]//label[normalize-space(.)="Name"]</msg>
<var>${loc3}</var>
<arg>${loc2}//label[normalize-space(.)="${label_text}"]</arg>
<doc>Returns the given values which can then be assigned to a variables.</doc>
<status status="PASS" start="2025-06-03T11:41:50.700678" elapsed="0.001000"/>
</kw>
<kw name="Run Keyword And Continue On Failure" owner="BuiltIn">
<kw name="Page Should Contain Element" owner="SeleniumLibrary">
<msg time="2025-06-03T11:41:50.719685" level="INFO">Current page contains element 'xpath=//legend[normalize-space(.)="AAA Details 2"]/following-sibling::div[1]//label[normalize-space(.)="Name"]'.</msg>
<arg>xpath=${loc3}</arg>
<doc>Verifies that element ``locator`` is found on the current page.</doc>
<status status="PASS" start="2025-06-03T11:41:50.701678" elapsed="0.018007"/>
</kw>
<arg>Page Should Contain Element</arg>
<arg>xpath=${loc3}</arg>
<doc>Runs the keyword and continues execution even if a failure occurs.</doc>
<status status="PASS" start="2025-06-03T11:41:50.701678" elapsed="0.019031"/>
</kw>
<kw name="Input Text" owner="SeleniumLibrary">
<msg time="2025-06-03T11:41:50.720709" level="INFO">Typing text 'test32' into text field '//legend[normalize-space(.)="AAA Details 2"]/following-sibling::div[1]//label[normalize-space(.)="Name"]/following-sibling::input'.</msg>
<arg>${loc3}/following-sibling::input</arg>
<arg>${value}</arg>
<doc>Types the given ``text`` into the text field identified by ``locator``.</doc>
<status status="PASS" start="2025-06-03T11:41:50.720709" elapsed="0.272025"/>
</kw>
<kw name="Sleep" owner="BuiltIn">
<msg time="2025-06-03T11:41:51.993954" level="INFO">Slept 1 second.</msg>
<arg>1s</arg>
<doc>Pauses the test executed for the given time.</doc>
<status status="PASS" start="2025-06-03T11:41:50.993739" elapsed="1.000215"/>
</kw>
<arg>${section}</arg>
<arg>${label}</arg>
<arg>${value}</arg>
<status status="PASS" start="2025-06-03T11:41:50.649682" elapsed="1.344272"/>
</kw>
<var name="${section}">AAA Details 2</var>
<var name="${label}">Name</var>
<var name="${value}">test32</var>
<status status="PASS" start="2025-06-03T11:41:50.649682" elapsed="1.344272"/>
</iter>
<iter>
<kw name="Fill Out Form">
<kw name="Set Variable" owner="BuiltIn">
<msg time="2025-06-03T11:41:51.995954" level="INFO">${loc1} = //legend[normalize-space(.)="AAA Details 2"]</msg>
<var>${loc1}</var>
<arg>//legend[normalize-space(.)="${section_header}"]</arg>
<doc>Returns the given values which can then be assigned to a variables.</doc>
<status status="PASS" start="2025-06-03T11:41:51.994956" elapsed="0.000998"/>
</kw>
<kw name="Run Keyword And Continue On Failure" owner="BuiltIn">
<kw name="Page Should Contain Element" owner="SeleniumLibrary">
<msg time="2025-06-03T11:41:52.015961" level="INFO">Current page contains element 'xpath=//legend[normalize-space(.)="AAA Details 2"]'.</msg>
<arg>xpath=${loc1}</arg>
<doc>Verifies that element ``locator`` is found on the current page.</doc>
<status status="PASS" start="2025-06-03T11:41:51.995954" elapsed="0.020007"/>
</kw>
<arg>Page Should Contain Element</arg>
<arg>xpath=${loc1}</arg>
<doc>Runs the keyword and continues execution even if a failure occurs.</doc>
<status status="PASS" start="2025-06-03T11:41:51.995954" elapsed="0.020007"/>
</kw>
<kw name="Set Variable" owner="BuiltIn">
<msg time="2025-06-03T11:41:52.016953" level="INFO">${loc2} = //legend[normalize-space(.)="AAA Details 2"]/following-sibling::div[1]</msg>
<var>${loc2}</var>
<arg>${loc1}/following-sibling::div[1]</arg>
<doc>Returns the given values which can then be assigned to a variables.</doc>
<status status="PASS" start="2025-06-03T11:41:52.015961" elapsed="0.000992"/>
</kw>
<kw name="Run Keyword And Continue On Failure" owner="BuiltIn">
<kw name="Page Should Contain Element" owner="SeleniumLibrary">
<msg time="2025-06-03T11:41:52.031927" level="INFO">Current page contains element 'xpath=//legend[normalize-space(.)="AAA Details 2"]/following-sibling::div[1]'.</msg>
<arg>xpath=${loc2}</arg>
<doc>Verifies that element ``locator`` is found on the current page.</doc>
<status status="PASS" start="2025-06-03T11:41:52.016953" elapsed="0.014974"/>
</kw>
<arg>Page Should Contain Element</arg>
<arg>xpath=${loc2}</arg>
<doc>Runs the keyword and continues execution even if a failure occurs.</doc>
<status status="PASS" start="2025-06-03T11:41:52.016953" elapsed="0.014974"/>
</kw>
<kw name="Set Variable" owner="BuiltIn">
<msg time="2025-06-03T11:41:52.031927" level="INFO">${loc3} = //legend[normalize-space(.)="AAA Details 2"]/following-sibling::div[1]//label[normalize-space(.)="Software Release"]</msg>
<var>${loc3}</var>
<arg>${loc2}//label[normalize-space(.)="${label_text}"]</arg>
<doc>Returns the given values which can then be assigned to a variables.</doc>
<status status="PASS" start="2025-06-03T11:41:52.031927" elapsed="0.001026"/>
</kw>
<kw name="Run Keyword And Continue On Failure" owner="BuiltIn">
<kw name="Page Should Contain Element" owner="SeleniumLibrary">
<msg time="2025-06-03T11:41:52.058952" level="INFO">Current page contains element 'xpath=//legend[normalize-space(.)="AAA Details 2"]/following-sibling::div[1]//label[normalize-space(.)="Software Release"]'.</msg>
<arg>xpath=${loc3}</arg>
<doc>Verifies that element ``locator`` is found on the current page.</doc>
<status status="PASS" start="2025-06-03T11:41:52.032953" elapsed="0.025999"/>
</kw>
<arg>Page Should Contain Element</arg>
<arg>xpath=${loc3}</arg>
<doc>Runs the keyword and continues execution even if a failure occurs.</doc>
<status status="PASS" start="2025-06-03T11:41:52.032953" elapsed="0.025999"/>
</kw>
<kw name="Input Text" owner="SeleniumLibrary">
<msg time="2025-06-03T11:41:52.059953" level="INFO">Typing text 'test2' into text field '//legend[normalize-space(.)="AAA Details 2"]/following-sibling::div[1]//label[normalize-space(.)="Software Release"]/following-sibling::input'.</msg>
<arg>${loc3}/following-sibling::input</arg>
<arg>${value}</arg>
<doc>Types the given ``text`` into the text field identified by ``locator``.</doc>
<status status="PASS" start="2025-06-03T11:41:52.058952" elapsed="0.265999"/>
</kw>
<kw name="Sleep" owner="BuiltIn">
<msg time="2025-06-03T11:41:53.326244" level="INFO">Slept 1 second.</msg>
<arg>1s</arg>
<doc>Pauses the test executed for the given time.</doc>
<status status="PASS" start="2025-06-03T11:41:52.324951" elapsed="1.001293"/>
</kw>
<arg>${section}</arg>
<arg>${label}</arg>
<arg>${value}</arg>
<status status="PASS" start="2025-06-03T11:41:51.994956" elapsed="1.331288"/>
</kw>
<var name="${section}">AAA Details 2</var>
<var name="${label}">Software Release</var>
<var name="${value}">test2</var>
<status status="PASS" start="2025-06-03T11:41:51.993954" elapsed="1.332290"/>
</iter>
<iter>
<kw name="Fill Out Form">
<kw name="Set Variable" owner="BuiltIn">
<msg time="2025-06-03T11:41:53.327304" level="INFO">${loc1} = //legend[normalize-space(.)="AAA Details 2"]</msg>
<var>${loc1}</var>
<arg>//legend[normalize-space(.)="${section_header}"]</arg>
<doc>Returns the given values which can then be assigned to a variables.</doc>
<status status="PASS" start="2025-06-03T11:41:53.327304" elapsed="0.000000"/>
</kw>
<kw name="Run Keyword And Continue On Failure" owner="BuiltIn">
<kw name="Page Should Contain Element" owner="SeleniumLibrary">
<msg time="2025-06-03T11:41:53.344286" level="INFO">Current page contains element 'xpath=//legend[normalize-space(.)="AAA Details 2"]'.</msg>
<arg>xpath=${loc1}</arg>
<doc>Verifies that element ``locator`` is found on the current page.</doc>
<status status="PASS" start="2025-06-03T11:41:53.328257" elapsed="0.017030"/>
</kw>
<arg>Page Should Contain Element</arg>
<arg>xpath=${loc1}</arg>
<doc>Runs the keyword and continues execution even if a failure occurs.</doc>
<status status="PASS" start="2025-06-03T11:41:53.328257" elapsed="0.017030"/>
</kw>
<kw name="Set Variable" owner="BuiltIn">
<msg time="2025-06-03T11:41:53.345287" level="INFO">${loc2} = //legend[normalize-space(.)="AAA Details 2"]/following-sibling::div[1]</msg>
<var>${loc2}</var>
<arg>${loc1}/following-sibling::div[1]</arg>
<doc>Returns the given values which can then be assigned to a variables.</doc>
<status status="PASS" start="2025-06-03T11:41:53.345287" elapsed="0.000000"/>
</kw>
<kw name="Run Keyword And Continue On Failure" owner="BuiltIn">
<kw name="Page Should Contain Element" owner="SeleniumLibrary">
<msg time="2025-06-03T11:41:53.360288" level="INFO">Current page contains element 'xpath=//legend[normalize-space(.)="AAA Details 2"]/following-sibling::div[1]'.</msg>
<arg>xpath=${loc2}</arg>
<doc>Verifies that element ``locator`` is found on the current page.</doc>
<status status="PASS" start="2025-06-03T11:41:53.345287" elapsed="0.015001"/>
</kw>
<arg>Page Should Contain Element</arg>
<arg>xpath=${loc2}</arg>
<doc>Runs the keyword and continues execution even if a failure occurs.</doc>
<status status="PASS" start="2025-06-03T11:41:53.345287" elapsed="0.015001"/>
</kw>
<kw name="Set Variable" owner="BuiltIn">
<msg time="2025-06-03T11:41:53.361257" level="INFO">${loc3} = //legend[normalize-space(.)="AAA Details 2"]/following-sibling::div[1]//label[normalize-space(.)="AAA Destination Host"]</msg>
<var>${loc3}</var>
<arg>${loc2}//label[normalize-space(.)="${label_text}"]</arg>
<doc>Returns the given values which can then be assigned to a variables.</doc>
<status status="PASS" start="2025-06-03T11:41:53.360288" elapsed="0.000969"/>
</kw>
<kw name="Run Keyword And Continue On Failure" owner="BuiltIn">
<kw name="Page Should Contain Element" owner="SeleniumLibrary">
<msg time="2025-06-03T11:41:53.381263" level="INFO">Current page contains element 'xpath=//legend[normalize-space(.)="AAA Details 2"]/following-sibling::div[1]//label[normalize-space(.)="AAA Destination Host"]'.</msg>
<arg>xpath=${loc3}</arg>
<doc>Verifies that element ``locator`` is found on the current page.</doc>
<status status="PASS" start="2025-06-03T11:41:53.361257" elapsed="0.020006"/>
</kw>
<arg>Page Should Contain Element</arg>
<arg>xpath=${loc3}</arg>
<doc>Runs the keyword and continues execution even if a failure occurs.</doc>
<status status="PASS" start="2025-06-03T11:41:53.361257" elapsed="0.020006"/>
</kw>
<kw name="Input Text" owner="SeleniumLibrary">
<msg time="2025-06-03T11:41:53.382263" level="INFO">Typing text 'test2' into text field '//legend[normalize-space(.)="AAA Details 2"]/following-sibling::div[1]//label[normalize-space(.)="AAA Destination Host"]/following-sibling::input'.</msg>
<arg>${loc3}/following-sibling::input</arg>
<arg>${value}</arg>
<doc>Types the given ``text`` into the text field identified by ``locator``.</doc>
<status status="PASS" start="2025-06-03T11:41:53.382263" elapsed="0.290987"/>
</kw>
<kw name="Sleep" owner="BuiltIn">
<msg time="2025-06-03T11:41:54.673448" level="INFO">Slept 1 second.</msg>
<arg>1s</arg>
<doc>Pauses the test executed for the given time.</doc>
<status status="PASS" start="2025-06-03T11:41:53.673250" elapsed="1.000198"/>
</kw>
<arg>${section}</arg>
<arg>${label}</arg>
<arg>${value}</arg>
<status status="PASS" start="2025-06-03T11:41:53.327304" elapsed="1.346144"/>
</kw>
<var name="${section}">AAA Details 2</var>
<var name="${label}">AAA Destination Host</var>
<var name="${value}">test2</var>
<status status="PASS" start="2025-06-03T11:41:53.326244" elapsed="1.347204"/>
</iter>
<iter>
<kw name="Fill Out Form">
<kw name="Set Variable" owner="BuiltIn">
<msg time="2025-06-03T11:41:54.675447" level="INFO">${loc1} = //legend[normalize-space(.)="AAA Details 2"]</msg>
<var>${loc1}</var>
<arg>//legend[normalize-space(.)="${section_header}"]</arg>
<doc>Returns the given values which can then be assigned to a variables.</doc>
<status status="PASS" start="2025-06-03T11:41:54.674446" elapsed="0.001001"/>
</kw>
<kw name="Run Keyword And Continue On Failure" owner="BuiltIn">
<kw name="Page Should Contain Element" owner="SeleniumLibrary">
<msg time="2025-06-03T11:41:54.692449" level="INFO">Current page contains element 'xpath=//legend[normalize-space(.)="AAA Details 2"]'.</msg>
<arg>xpath=${loc1}</arg>
<doc>Verifies that element ``locator`` is found on the current page.</doc>
<status status="PASS" start="2025-06-03T11:41:54.675447" elapsed="0.017002"/>
</kw>
<arg>Page Should Contain Element</arg>
<arg>xpath=${loc1}</arg>
<doc>Runs the keyword and continues execution even if a failure occurs.</doc>
<status status="PASS" start="2025-06-03T11:41:54.675447" elapsed="0.017002"/>
</kw>
<kw name="Set Variable" owner="BuiltIn">
<msg time="2025-06-03T11:41:54.693447" level="INFO">${loc2} = //legend[normalize-space(.)="AAA Details 2"]/following-sibling::div[1]</msg>
<var>${loc2}</var>
<arg>${loc1}/following-sibling::div[1]</arg>
<doc>Returns the given values which can then be assigned to a variables.</doc>
<status status="PASS" start="2025-06-03T11:41:54.692449" elapsed="0.000998"/>
</kw>
<kw name="Run Keyword And Continue On Failure" owner="BuiltIn">
<kw name="Page Should Contain Element" owner="SeleniumLibrary">
<msg time="2025-06-03T11:41:54.708448" level="INFO">Current page contains element 'xpath=//legend[normalize-space(.)="AAA Details 2"]/following-sibling::div[1]'.</msg>
<arg>xpath=${loc2}</arg>
<doc>Verifies that element ``locator`` is found on the current page.</doc>
<status status="PASS" start="2025-06-03T11:41:54.693447" elapsed="0.016001"/>
</kw>
<arg>Page Should Contain Element</arg>
<arg>xpath=${loc2}</arg>
<doc>Runs the keyword and continues execution even if a failure occurs.</doc>
<status status="PASS" start="2025-06-03T11:41:54.693447" elapsed="0.016001"/>
</kw>
<kw name="Set Variable" owner="BuiltIn">
<msg time="2025-06-03T11:41:54.709448" level="INFO">${loc3} = //legend[normalize-space(.)="AAA Details 2"]/following-sibling::div[1]//label[normalize-space(.)="DRA SWm IPv6"]</msg>
<var>${loc3}</var>
<arg>${loc2}//label[normalize-space(.)="${label_text}"]</arg>
<doc>Returns the given values which can then be assigned to a variables.</doc>
<status status="PASS" start="2025-06-03T11:41:54.709448" elapsed="0.000000"/>
</kw>
<kw name="Run Keyword And Continue On Failure" owner="BuiltIn">
<kw name="Page Should Contain Element" owner="SeleniumLibrary">
<msg time="2025-06-03T11:41:54.729448" level="INFO">Current page contains element 'xpath=//legend[normalize-space(.)="AAA Details 2"]/following-sibling::div[1]//label[normalize-space(.)="DRA SWm IPv6"]'.</msg>
<arg>xpath=${loc3}</arg>
<doc>Verifies that element ``locator`` is found on the current page.</doc>
<status status="PASS" start="2025-06-03T11:41:54.710448" elapsed="0.019000"/>
</kw>
<arg>Page Should Contain Element</arg>
<arg>xpath=${loc3}</arg>
<doc>Runs the keyword and continues execution even if a failure occurs.</doc>
<status status="PASS" start="2025-06-03T11:41:54.710448" elapsed="0.019000"/>
</kw>
<kw name="Input Text" owner="SeleniumLibrary">
<msg time="2025-06-03T11:41:54.730450" level="INFO">Typing text '1::1' into text field '//legend[normalize-space(.)="AAA Details 2"]/following-sibling::div[1]//label[normalize-space(.)="DRA SWm IPv6"]/following-sibling::input'.</msg>
<arg>${loc3}/following-sibling::input</arg>
<arg>${value}</arg>
<doc>Types the given ``text`` into the text field identified by ``locator``.</doc>
<status status="PASS" start="2025-06-03T11:41:54.729448" elapsed="0.239948"/>
</kw>
<kw name="Sleep" owner="BuiltIn">
<msg time="2025-06-03T11:41:55.970334" level="INFO">Slept 1 second.</msg>
<arg>1s</arg>
<doc>Pauses the test executed for the given time.</doc>
<status status="PASS" start="2025-06-03T11:41:54.969396" elapsed="1.000938"/>
</kw>
<arg>${section}</arg>
<arg>${label}</arg>
<arg>${value}</arg>
<status status="PASS" start="2025-06-03T11:41:54.674446" elapsed="1.295888"/>
</kw>
<var name="${section}">AAA Details 2</var>
<var name="${label}">DRA SWm IPv6</var>
<var name="${value}">1::1</var>
<status status="PASS" start="2025-06-03T11:41:54.673448" elapsed="1.296886"/>
</iter>
<iter>
<kw name="Fill Out Form">
<kw name="Set Variable" owner="BuiltIn">
<msg time="2025-06-03T11:41:55.972333" level="INFO">${loc1} = //legend[normalize-space(.)="AAA Details 2"]</msg>
<var>${loc1}</var>
<arg>//legend[normalize-space(.)="${section_header}"]</arg>
<doc>Returns the given values which can then be assigned to a variables.</doc>
<status status="PASS" start="2025-06-03T11:41:55.971336" elapsed="0.000997"/>
</kw>
<kw name="Run Keyword And Continue On Failure" owner="BuiltIn">
<kw name="Page Should Contain Element" owner="SeleniumLibrary">
<msg time="2025-06-03T11:41:55.988335" level="INFO">Current page contains element 'xpath=//legend[normalize-space(.)="AAA Details 2"]'.</msg>
<arg>xpath=${loc1}</arg>
<doc>Verifies that element ``locator`` is found on the current page.</doc>
<status status="PASS" start="2025-06-03T11:41:55.972333" elapsed="0.016002"/>
</kw>
<arg>Page Should Contain Element</arg>
<arg>xpath=${loc1}</arg>
<doc>Runs the keyword and continues execution even if a failure occurs.</doc>
<status status="PASS" start="2025-06-03T11:41:55.972333" elapsed="0.016002"/>
</kw>
<kw name="Set Variable" owner="BuiltIn">
<msg time="2025-06-03T11:41:55.989363" level="INFO">${loc2} = //legend[normalize-space(.)="AAA Details 2"]/following-sibling::div[1]</msg>
<var>${loc2}</var>
<arg>${loc1}/following-sibling::div[1]</arg>
<doc>Returns the given values which can then be assigned to a variables.</doc>
<status status="PASS" start="2025-06-03T11:41:55.989363" elapsed="0.000000"/>
</kw>
<kw name="Run Keyword And Continue On Failure" owner="BuiltIn">
<kw name="Page Should Contain Element" owner="SeleniumLibrary">
<msg time="2025-06-03T11:41:56.003334" level="INFO">Current page contains element 'xpath=//legend[normalize-space(.)="AAA Details 2"]/following-sibling::div[1]'.</msg>
<arg>xpath=${loc2}</arg>
<doc>Verifies that element ``locator`` is found on the current page.</doc>
<status status="PASS" start="2025-06-03T11:41:55.989363" elapsed="0.014971"/>
</kw>
<arg>Page Should Contain Element</arg>
<arg>xpath=${loc2}</arg>
<doc>Runs the keyword and continues execution even if a failure occurs.</doc>
<status status="PASS" start="2025-06-03T11:41:55.989363" elapsed="0.014971"/>
</kw>
<kw name="Set Variable" owner="BuiltIn">
<msg time="2025-06-03T11:41:56.004334" level="INFO">${loc3} = //legend[normalize-space(.)="AAA Details 2"]/following-sibling::div[1]//label[normalize-space(.)="DRA SWm IPv4"]</msg>
<var>${loc3}</var>
<arg>${loc2}//label[normalize-space(.)="${label_text}"]</arg>
<doc>Returns the given values which can then be assigned to a variables.</doc>
<status status="PASS" start="2025-06-03T11:41:56.004334" elapsed="0.000000"/>
</kw>
<kw name="Run Keyword And Continue On Failure" owner="BuiltIn">
<kw name="Page Should Contain Element" owner="SeleniumLibrary">
<msg time="2025-06-03T11:41:56.023333" level="INFO">Current page contains element 'xpath=//legend[normalize-space(.)="AAA Details 2"]/following-sibling::div[1]//label[normalize-space(.)="DRA SWm IPv4"]'.</msg>
<arg>xpath=${loc3}</arg>
<doc>Verifies that element ``locator`` is found on the current page.</doc>
<status status="PASS" start="2025-06-03T11:41:56.005363" elapsed="0.017970"/>
</kw>
<arg>Page Should Contain Element</arg>
<arg>xpath=${loc3}</arg>
<doc>Runs the keyword and continues execution even if a failure occurs.</doc>
<status status="PASS" start="2025-06-03T11:41:56.004334" elapsed="0.018999"/>
</kw>
<kw name="Input Text" owner="SeleniumLibrary">
<msg time="2025-06-03T11:41:56.024332" level="INFO">Typing text '1.1.1.1' into text field '//legend[normalize-space(.)="AAA Details 2"]/following-sibling::div[1]//label[normalize-space(.)="DRA SWm IPv4"]/following-sibling::input'.</msg>
<arg>${loc3}/following-sibling::input</arg>
<arg>${value}</arg>
<doc>Types the given ``text`` into the text field identified by ``locator``.</doc>
<status status="PASS" start="2025-06-03T11:41:56.023333" elapsed="0.258997"/>
</kw>
<kw name="Sleep" owner="BuiltIn">
<msg time="2025-06-03T11:41:57.282527" level="INFO">Slept 1 second.</msg>
<arg>1s</arg>
<doc>Pauses the test executed for the given time.</doc>
<status status="PASS" start="2025-06-03T11:41:56.282330" elapsed="1.000197"/>
</kw>
<arg>${section}</arg>
<arg>${label}</arg>
<arg>${value}</arg>
<status status="PASS" start="2025-06-03T11:41:55.971336" elapsed="1.311191"/>
</kw>
<var name="${section}">AAA Details 2</var>
<var name="${label}">DRA SWm IPv4</var>
<var name="${value}">1.1.1.1</var>
<status status="PASS" start="2025-06-03T11:41:55.970334" elapsed="1.312193"/>
</iter>
<iter>
<kw name="Fill Out Form">
<kw name="Set Variable" owner="BuiltIn">
<msg time="2025-06-03T11:41:57.283527" level="INFO">${loc1} = //legend[normalize-space(.)="AAA Details 2"]</msg>
<var>${loc1}</var>
<arg>//legend[normalize-space(.)="${section_header}"]</arg>
<doc>Returns the given values which can then be assigned to a variables.</doc>
<status status="PASS" start="2025-06-03T11:41:57.283527" elapsed="0.001001"/>
</kw>
<kw name="Run Keyword And Continue On Failure" owner="BuiltIn">
<kw name="Page Should Contain Element" owner="SeleniumLibrary">
<msg time="2025-06-03T11:41:57.300528" level="INFO">Current page contains element 'xpath=//legend[normalize-space(.)="AAA Details 2"]'.</msg>
<arg>xpath=${loc1}</arg>
<doc>Verifies that element ``locator`` is found on the current page.</doc>
<status status="PASS" start="2025-06-03T11:41:57.284528" elapsed="0.016998"/>
</kw>
<arg>Page Should Contain Element</arg>
<arg>xpath=${loc1}</arg>
<doc>Runs the keyword and continues execution even if a failure occurs.</doc>
<status status="PASS" start="2025-06-03T11:41:57.284528" elapsed="0.016998"/>
</kw>
<kw name="Set Variable" owner="BuiltIn">
<msg time="2025-06-03T11:41:57.302528" level="INFO">${loc2} = //legend[normalize-space(.)="AAA Details 2"]/following-sibling::div[1]</msg>
<var>${loc2}</var>
<arg>${loc1}/following-sibling::div[1]</arg>
<doc>Returns the given values which can then be assigned to a variables.</doc>
<status status="PASS" start="2025-06-03T11:41:57.301526" elapsed="0.001002"/>
</kw>
<kw name="Run Keyword And Continue On Failure" owner="BuiltIn">
<kw name="Page Should Contain Element" owner="SeleniumLibrary">
<msg time="2025-06-03T11:41:57.319527" level="INFO">Current page contains element 'xpath=//legend[normalize-space(.)="AAA Details 2"]/following-sibling::div[1]'.</msg>
<arg>xpath=${loc2}</arg>
<doc>Verifies that element ``locator`` is found on the current page.</doc>
<status status="PASS" start="2025-06-03T11:41:57.303528" elapsed="0.015999"/>
</kw>
<arg>Page Should Contain Element</arg>
<arg>xpath=${loc2}</arg>
<doc>Runs the keyword and continues execution even if a failure occurs.</doc>
<status status="PASS" start="2025-06-03T11:41:57.302528" elapsed="0.016999"/>
</kw>
<kw name="Set Variable" owner="BuiltIn">
<msg time="2025-06-03T11:41:57.320528" level="INFO">${loc3} = //legend[normalize-space(.)="AAA Details 2"]/following-sibling::div[1]//label[normalize-space(.)="DRA Destination Host"]</msg>
<var>${loc3}</var>
<arg>${loc2}//label[normalize-space(.)="${label_text}"]</arg>
<doc>Returns the given values which can then be assigned to a variables.</doc>
<status status="PASS" start="2025-06-03T11:41:57.319527" elapsed="0.001001"/>
</kw>
<kw name="Run Keyword And Continue On Failure" owner="BuiltIn">
<kw name="Page Should Contain Element" owner="SeleniumLibrary">
<msg time="2025-06-03T11:41:57.343526" level="INFO">Current page contains element 'xpath=//legend[normalize-space(.)="AAA Details 2"]/following-sibling::div[1]//label[normalize-space(.)="DRA Destination Host"]'.</msg>
<arg>xpath=${loc3}</arg>
<doc>Verifies that element ``locator`` is found on the current page.</doc>
<status status="PASS" start="2025-06-03T11:41:57.321528" elapsed="0.021998"/>
</kw>
<arg>Page Should Contain Element</arg>
<arg>xpath=${loc3}</arg>
<doc>Runs the keyword and continues execution even if a failure occurs.</doc>
<status status="PASS" start="2025-06-03T11:41:57.321528" elapsed="0.021998"/>
</kw>
<kw name="Input Text" owner="SeleniumLibrary">
<msg time="2025-06-03T11:41:57.343526" level="INFO">Typing text 'test2' into text field '//legend[normalize-space(.)="AAA Details 2"]/following-sibling::div[1]//label[normalize-space(.)="DRA Destination Host"]/following-sibling::input'.</msg>
<arg>${loc3}/following-sibling::input</arg>
<arg>${value}</arg>
<doc>Types the given ``text`` into the text field identified by ``locator``.</doc>
<status status="PASS" start="2025-06-03T11:41:57.343526" elapsed="0.279999"/>
</kw>
<kw name="Sleep" owner="BuiltIn">
<msg time="2025-06-03T11:41:58.625605" level="INFO">Slept 1 second.</msg>
<arg>1s</arg>
<doc>Pauses the test executed for the given time.</doc>
<status status="PASS" start="2025-06-03T11:41:57.623525" elapsed="1.002080"/>
</kw>
<arg>${section}</arg>
<arg>${label}</arg>
<arg>${value}</arg>
<status status="PASS" start="2025-06-03T11:41:57.283527" elapsed="1.342078"/>
</kw>
<var name="${section}">AAA Details 2</var>
<var name="${label}">DRA Destination Host</var>
<var name="${value}">test2</var>
<status status="PASS" start="2025-06-03T11:41:57.282527" elapsed="1.343078"/>
</iter>
<iter>
<kw name="Fill Out Form">
<kw name="Set Variable" owner="BuiltIn">
<msg time="2025-06-03T11:41:58.627631" level="INFO">${loc1} = //legend[normalize-space(.)="AAA Details 2"]</msg>
<var>${loc1}</var>
<arg>//legend[normalize-space(.)="${section_header}"]</arg>
<doc>Returns the given values which can then be assigned to a variables.</doc>
<status status="PASS" start="2025-06-03T11:41:58.627631" elapsed="0.000000"/>
</kw>
<kw name="Run Keyword And Continue On Failure" owner="BuiltIn">
<kw name="Page Should Contain Element" owner="SeleniumLibrary">
<msg time="2025-06-03T11:41:58.645599" level="INFO">Current page contains element 'xpath=//legend[normalize-space(.)="AAA Details 2"]'.</msg>
<arg>xpath=${loc1}</arg>
<doc>Verifies that element ``locator`` is found on the current page.</doc>
<status status="PASS" start="2025-06-03T11:41:58.628633" elapsed="0.016966"/>
</kw>
<arg>Page Should Contain Element</arg>
<arg>xpath=${loc1}</arg>
<doc>Runs the keyword and continues execution even if a failure occurs.</doc>
<status status="PASS" start="2025-06-03T11:41:58.627631" elapsed="0.017968"/>
</kw>
<kw name="Set Variable" owner="BuiltIn">
<msg time="2025-06-03T11:41:58.646602" level="INFO">${loc2} = //legend[normalize-space(.)="AAA Details 2"]/following-sibling::div[1]</msg>
<var>${loc2}</var>
<arg>${loc1}/following-sibling::div[1]</arg>
<doc>Returns the given values which can then be assigned to a variables.</doc>
<status status="PASS" start="2025-06-03T11:41:58.646602" elapsed="0.000000"/>
</kw>
<kw name="Run Keyword And Continue On Failure" owner="BuiltIn">
<kw name="Page Should Contain Element" owner="SeleniumLibrary">
<msg time="2025-06-03T11:41:58.665602" level="INFO">Current page contains element 'xpath=//legend[normalize-space(.)="AAA Details 2"]/following-sibling::div[1]'.</msg>
<arg>xpath=${loc2}</arg>
<doc>Verifies that element ``locator`` is found on the current page.</doc>
<status status="PASS" start="2025-06-03T11:41:58.646602" elapsed="0.019000"/>
</kw>
<arg>Page Should Contain Element</arg>
<arg>xpath=${loc2}</arg>
<doc>Runs the keyword and continues execution even if a failure occurs.</doc>
<status status="PASS" start="2025-06-03T11:41:58.646602" elapsed="0.019000"/>
</kw>
<kw name="Set Variable" owner="BuiltIn">
<msg time="2025-06-03T11:41:58.666600" level="INFO">${loc3} = //legend[normalize-space(.)="AAA Details 2"]/following-sibling::div[1]//label[normalize-space(.)="DRA Destination Realm"]</msg>
<var>${loc3}</var>
<arg>${loc2}//label[normalize-space(.)="${label_text}"]</arg>
<doc>Returns the given values which can then be assigned to a variables.</doc>
<status status="PASS" start="2025-06-03T11:41:58.666600" elapsed="0.000000"/>
</kw>
<kw name="Run Keyword And Continue On Failure" owner="BuiltIn">
<kw name="Page Should Contain Element" owner="SeleniumLibrary">
<msg time="2025-06-03T11:41:58.689610" level="INFO">Current page contains element 'xpath=//legend[normalize-space(.)="AAA Details 2"]/following-sibling::div[1]//label[normalize-space(.)="DRA Destination Realm"]'.</msg>
<arg>xpath=${loc3}</arg>
<doc>Verifies that element ``locator`` is found on the current page.</doc>
<status status="PASS" start="2025-06-03T11:41:58.667602" elapsed="0.022008"/>
</kw>
<arg>Page Should Contain Element</arg>
<arg>xpath=${loc3}</arg>
<doc>Runs the keyword and continues execution even if a failure occurs.</doc>
<status status="PASS" start="2025-06-03T11:41:58.666600" elapsed="0.023010"/>
</kw>
<kw name="Input Text" owner="SeleniumLibrary">
<msg time="2025-06-03T11:41:58.690609" level="INFO">Typing text 'test2' into text field '//legend[normalize-space(.)="AAA Details 2"]/following-sibling::div[1]//label[normalize-space(.)="DRA Destination Realm"]/following-sibling::input'.</msg>
<arg>${loc3}/following-sibling::input</arg>
<arg>${value}</arg>
<doc>Types the given ``text`` into the text field identified by ``locator``.</doc>
<status status="PASS" start="2025-06-03T11:41:58.689610" elapsed="0.279360"/>
</kw>
<kw name="Sleep" owner="BuiltIn">
<msg time="2025-06-03T11:41:59.970978" level="INFO">Slept 1 second.</msg>
<arg>1s</arg>
<doc>Pauses the test executed for the given time.</doc>
<status status="PASS" start="2025-06-03T11:41:58.968970" elapsed="1.002008"/>
</kw>
<arg>${section}</arg>
<arg>${label}</arg>
<arg>${value}</arg>
<status status="PASS" start="2025-06-03T11:41:58.626628" elapsed="1.344350"/>
</kw>
<var name="${section}">AAA Details 2</var>
<var name="${label}">DRA Destination Realm</var>
<var name="${value}">test2</var>
<status status="PASS" start="2025-06-03T11:41:58.626628" elapsed="1.344350"/>
</iter>
<var>${section}</var>
<var>${label}</var>
<var>${value}</var>
<value>@{FILL_FIELDS}</value>
<status status="PASS" start="2025-06-03T11:41:38.545542" elapsed="21.425436"/>
</for>
<for flavor="IN">
<iter>
<kw name="Dropdown Field">
<kw name="Set Variable" owner="BuiltIn">
[...]
</kw>
<kw name="Maximize Browser Window" owner="SeleniumLibrary">
<doc>Maximizes current browser window.</doc>
<status status="PASS" start="2025-06-03T11:45:15.335485" elapsed="0.108991"/>
</kw>
<kw name="Wait Until Element Is Visible" owner="SeleniumLibrary">
<arg>id=desktop_dropdown_button</arg>
<arg>10s</arg>
<doc>Waits until the element ``locator`` is visible.</doc>
<status status="PASS" start="2025-06-03T11:45:15.444476" elapsed="0.035000"/>
</kw>
<kw name="Click Element" owner="SeleniumLibrary">
<msg time="2025-06-03T11:45:15.480476" level="INFO">Clicking element 'id=desktop_dropdown_button'.</msg>
<arg>id=desktop_dropdown_button</arg>
<doc>Click the element identified by ``locator``.</doc>
<status status="PASS" start="2025-06-03T11:45:15.479476" elapsed="0.182999"/>
</kw>
<kw name="Wait Until Element Is Visible" owner="SeleniumLibrary">
<arg>id=WindowsAccountSelectId</arg>
<arg>5s</arg>
<doc>Waits until the element ``locator`` is visible.</doc>
<status status="PASS" start="2025-06-03T11:45:15.663508" elapsed="0.044969"/>
</kw>
<kw name="Click Element" owner="SeleniumLibrary">
<msg time="2025-06-03T11:45:15.709476" level="INFO">Clicking element 'id=WindowsAccountSelectId'.</msg>
<arg>id=WindowsAccountSelectId</arg>
<doc>Click the element identified by ``locator``.</doc>
<status status="PASS" start="2025-06-03T11:45:15.708477" elapsed="0.092745"/>
</kw>
<kw name="Wait Until Element Is Visible" owner="SeleniumLibrary">
<arg>id=windowsSubmit</arg>
<arg>5s</arg>
<doc>Waits until the element ``locator`` is visible.</doc>
<status status="PASS" start="2025-06-03T11:45:15.801222" elapsed="0.025021"/>
</kw>
<kw name="Click Element" owner="SeleniumLibrary">
<msg time="2025-06-03T11:45:15.827221" level="INFO">Clicking element 'id=windowsSubmit'.</msg>
<arg>id=windowsSubmit</arg>
<doc>Click the element identified by ``locator``.</doc>
<status status="PASS" start="2025-06-03T11:45:15.826243" elapsed="0.542601"/>
</kw>
<kw name="Wait Until Page Contains" owner="SeleniumLibrary">
<arg>${PRIORITY_TEXT}</arg>
<arg>60s</arg>
<doc>Waits until ``text`` appears on the current page.</doc>
<status status="PASS" start="2025-06-03T11:45:16.368844" elapsed="12.351682"/>
</kw>
<status status="PASS" start="2025-06-03T11:45:12.849941" elapsed="15.870585"/>
</kw>
<test id="s1-s2-s3-t1" name="Delete Group" line="31">
<kw name="Open Network Inventory" owner="common">
<kw name="Click Element" owner="SeleniumLibrary">
<msg time="2025-06-03T11:45:28.722502" level="INFO">Clicking element 'xpath=//figure[.//div[normalize-space(.)="Network Inventory"]]'.</msg>
<arg>xpath=//figure[.//div[normalize-space(.)="Network Inventory"]]</arg>
<doc>Click the element identified by ``locator``.</doc>
<status status="PASS" start="2025-06-03T11:45:28.722502" elapsed="1.529614"/>
</kw>
<kw name="Wait Until Page Contains" owner="SeleniumLibrary">
<arg>Network Inventory</arg>
<arg>10s</arg>
<doc>Waits until ``text`` appears on the current page.</doc>
<status status="PASS" start="2025-06-03T11:45:30.252116" elapsed="0.102005"/>
</kw>
<status status="PASS" start="2025-06-03T11:45:28.721530" elapsed="1.633588"/>
</kw>
<kw name="Expand Network Function" owner="common">
<kw name="Click Element" owner="SeleniumLibrary">
<msg time="2025-06-03T11:45:30.356118" level="INFO">Clicking element 'xpath=//md-list-item[.//p[normalize-space(.)="Zone Management"]]//button[contains(@class,"md-secondary")]'.</msg>
<arg>xpath=//md-list-item[.//p[normalize-space(.)="${Network_Element}"]]//button[contains(@class,"md-secondary")]</arg>
<doc>Click the element identified by ``locator``.</doc>
<status status="PASS" start="2025-06-03T11:45:30.356118" elapsed="0.187028"/>
</kw>
<kw name="Wait Until Element Is Visible" owner="SeleniumLibrary">
<arg>xpath=//span[normalize-space(.)="${Zone_Management_Node}"]</arg>
<arg>10s</arg>
<doc>Waits until the element ``locator`` is visible.</doc>
<status status="PASS" start="2025-06-03T11:45:30.543146" elapsed="0.378309"/>
</kw>
<status status="PASS" start="2025-06-03T11:45:30.355118" elapsed="0.567337"/>
</kw>
<kw name="Expand Node Group And Delete Test Group">
<kw name="Wait Until Element Is Visible" owner="SeleniumLibrary">
<arg>xpath=//span[normalize-space(.)="${Zone_Management_Node}"]</arg>
<arg>10s</arg>
<doc>Waits until the element ``locator`` is visible.</doc>
<status status="PASS" start="2025-06-03T11:45:30.923045" elapsed="0.036039"/>
</kw>
<kw name="Click Element" owner="SeleniumLibrary">
<msg time="2025-06-03T11:45:30.960085" level="INFO">Clicking element 'xpath=//span[normalize-space(.)="5EC"]/parent::button/preceding-sibling::md-icon'.</msg>
<arg>xpath=//span[normalize-space(.)="${Zone_Management_Node}"]/parent::button/preceding-sibling::md-icon</arg>
<doc>Click the element identified by ``locator``.</doc>
<status status="PASS" start="2025-06-03T11:45:30.959084" elapsed="0.152000"/>
</kw>
<kw name="Click Element" owner="SeleniumLibrary">
<msg time="2025-06-03T11:45:31.112082" level="INFO">Clicking element 'xpath=//p[normalize-space(.)="test32"]/following-sibling::md-icon[@aria-label="Delete"]'.</msg>
<arg>xpath=//p[normalize-space(.)="${Update_cluster_name}"]/following-sibling::md-icon[@aria-label="Delete"]</arg>
<doc>Click the element identified by ``locator``.</doc>
<status status="PASS" start="2025-06-03T11:45:31.111084" elapsed="0.155970"/>
</kw>
<kw name="Sleep" owner="BuiltIn">
<msg time="2025-06-03T11:45:36.268042" level="INFO">Slept 5 seconds.</msg>
<arg>5s</arg>
<doc>Pauses the test executed for the given time.</doc>
<status status="PASS" start="2025-06-03T11:45:31.267054" elapsed="5.000988"/>
</kw>
<kw name="Wait Until Element Is Visible" owner="SeleniumLibrary">
<arg>xpath=//md-dialog-actions//button[.//span[normalize-space(.)="YES"]]</arg>
<doc>Waits until the element ``locator`` is visible.</doc>
<status status="PASS" start="2025-06-03T11:45:36.268042" elapsed="0.035973"/>
</kw>
<kw name="Click Element" owner="SeleniumLibrary">
<msg time="2025-06-03T11:45:36.305050" level="INFO">Clicking element 'xpath=//md-dialog-actions//button[.//span[normalize-space(.)="YES"]]'.</msg>
<arg>xpath=//md-dialog-actions//button[.//span[normalize-space(.)="YES"]]</arg>
<doc>Click the element identified by ``locator``.</doc>
<status status="PASS" start="2025-06-03T11:45:36.304015" elapsed="0.115023"/>
</kw>
<kw name="Wait Until Element Is Visible" owner="SeleniumLibrary">
<arg>xpath=//button[.//span[normalize-space(.)="OK"]]</arg>
<doc>Waits until the element ``locator`` is visible.</doc>
<status status="PASS" start="2025-06-03T11:45:36.419038" elapsed="0.705683"/>
</kw>
<kw name="Click Element" owner="SeleniumLibrary">
<msg time="2025-06-03T11:45:37.125721" level="INFO">Clicking element 'xpath=//button[.//span[normalize-space(.)="OK"]]'.</msg>
<arg>xpath=//button[.//span[normalize-space(.)="OK"]]</arg>
<doc>Click the element identified by ``locator``.</doc>
<status status="PASS" start="2025-06-03T11:45:37.124721" elapsed="0.166995"/>
</kw>
<status status="PASS" start="2025-06-03T11:45:30.923045" elapsed="6.369671"/>
</kw>
<status status="PASS" start="2025-06-03T11:45:28.721530" elapsed="8.571186"/>
</test>
<kw name="Close Browser" owner="SeleniumLibrary" type="TEARDOWN">
<doc>Closes the current browser.</doc>
<status status="PASS" start="2025-06-03T11:45:37.294715" elapsed="2.315263"/>
</kw>
<status status="PASS" start="2025-06-03T11:45:12.840940" elapsed="26.769038"/>
</suite>
<status status="PASS" start="2025-06-03T11:43:40.554295" elapsed="119.057657"/>
</suite>
<suite id="s1-s3" name="NTC Management" source="C:\Users\pk0952\PycharmProjects\ANT_CRUD\tests\NTC_Management">
<suite id="s1-s3-s1" name="Verify test" source="C:\Users\pk0952\PycharmProjects\ANT_CRUD\tests\NTC_Management\Verify_test.robot">
<kw name="Login Once" owner="common" type="SETUP">
<kw name="Open Browser" owner="SeleniumLibrary">
<msg time="2025-06-03T11:45:39.658951" level="WARN">exexcutable_path is being deprecated. Please use service to configure the driver's executable_path as per documentation.</msg>
<msg time="2025-06-03T11:45:39.659950" level="INFO">Opening browser 'Chrome' to base url 'https://ant228.dev.att.com:8443'.</msg>
<arg>${URL}</arg>
<arg>Chrome</arg>
<arg>executable_path=${DRIVER_PATH}</arg>
<doc>Opens a new browser instance to the optional ``url``.</doc>
<status status="PASS" start="2025-06-03T11:45:39.658951" elapsed="1.679515"/>
</kw>
<kw name="Maximize Browser Window" owner="SeleniumLibrary">
<doc>Maximizes current browser window.</doc>
<status status="PASS" start="2025-06-03T11:45:41.338466" elapsed="0.768269"/>
</kw>
<kw name="Wait Until Element Is Visible" owner="SeleniumLibrary">
<arg>id=desktop_dropdown_button</arg>
<arg>10s</arg>
<doc>Waits until the element ``locator`` is visible.</doc>
<status status="PASS" start="2025-06-03T11:45:42.107735" elapsed="0.034997"/>
</kw>
<kw name="Click Element" owner="SeleniumLibrary">
<msg time="2025-06-03T11:45:42.143730" level="INFO">Clicking element 'id=desktop_dropdown_button'.</msg>
<arg>id=desktop_dropdown_button</arg>
<doc>Click the element identified by ``locator``.</doc>
<status status="PASS" start="2025-06-03T11:45:42.143730" elapsed="0.106003"/>
</kw>
<kw name="Wait Until Element Is Visible" owner="SeleniumLibrary">
<arg>id=WindowsAccountSelectId</arg>
<arg>5s</arg>
<doc>Waits until the element ``locator`` is visible.</doc>
<status status="PASS" start="2025-06-03T11:45:42.250759" elapsed="0.032970"/>
</kw>
<kw name="Click Element" owner="SeleniumLibrary">
<msg time="2025-06-03T11:45:42.283729" level="INFO">Clicking element 'id=WindowsAccountSelectId'.</msg>
<arg>id=WindowsAccountSelectId</arg>
<doc>Click the element identified by ``locator``.</doc>
<status status="PASS" start="2025-06-03T11:45:42.283729" elapsed="0.131027"/>
</kw>
<kw name="Wait Until Element Is Visible" owner="SeleniumLibrary">
<arg>id=windowsSubmit</arg>
<arg>5s</arg>
<doc>Waits until the element ``locator`` is visible.</doc>
<status status="PASS" start="2025-06-03T11:45:42.414756" elapsed="0.027001"/>
</kw>
<kw name="Click Element" owner="SeleniumLibrary">
<msg time="2025-06-03T11:45:42.442726" level="INFO">Clicking element 'id=windowsSubmit'.</msg>
<arg>id=windowsSubmit</arg>
<doc>Click the element identified by ``locator``.</doc>
<status status="PASS" start="2025-06-03T11:45:42.441757" elapsed="0.555685"/>
</kw>
<kw name="Wait Until Page Contains" owner="SeleniumLibrary">
<arg>${PRIORITY_TEXT}</arg>
<arg>60s</arg>
<doc>Waits until ``text`` appears on the current page.</doc>
<status status="PASS" start="2025-06-03T11:45:42.998442" elapsed="47.771715"/>
</kw>
<status status="PASS" start="2025-06-03T11:45:39.657953" elapsed="51.112204"/>
</kw>
<test id="s1-s3-s1-t1" name="Verify test" line="28">
<kw name="Open Network Inventory" owner="common">
<kw name="Click Element" owner="SeleniumLibrary">
<msg time="2025-06-03T11:46:30.772132" level="INFO">Clicking element 'xpath=//figure[.//div[normalize-space(.)="Network Inventory"]]'.</msg>
<arg>xpath=//figure[.//div[normalize-space(.)="Network Inventory"]]</arg>
<doc>Click the element identified by ``locator``.</doc>
<status status="PASS" start="2025-06-03T11:46:30.772132" elapsed="1.692313"/>
</kw>
<kw name="Wait Until Page Contains" owner="SeleniumLibrary">
<arg>Network Inventory</arg>
<arg>10s</arg>
<doc>Waits until ``text`` appears on the current page.</doc>
<status status="PASS" start="2025-06-03T11:46:32.464445" elapsed="0.104274"/>
</kw>
<status status="PASS" start="2025-06-03T11:46:30.772132" elapsed="1.797313"/>
</kw>
<kw name="Expand Network Function" owner="common">
<kw name="Click Element" owner="SeleniumLibrary">
<msg time="2025-06-03T11:46:32.570472" level="INFO">Clicking element 'xpath=//md-list-item[.//p[normalize-space(.)="NTC Management"]]//button[contains(@class,"md-secondary")]'.</msg>
<arg>xpath=//md-list-item[.//p[normalize-space(.)="${Network_Element}"]]//button[contains(@class,"md-secondary")]</arg>
<doc>Click the element identified by ``locator``.</doc>
<status status="PASS" start="2025-06-03T11:46:32.570472" elapsed="0.175002"/>
</kw>
<kw name="Wait Until Element Is Visible" owner="SeleniumLibrary">
<arg>xpath=//span[normalize-space(.)="${NTC_Management_Node}"]</arg>
<arg>10s</arg>
<doc>Waits until the element ``locator`` is visible.</doc>
<status status="PASS" start="2025-06-03T11:46:32.745474" elapsed="0.035997"/>
</kw>
<status status="PASS" start="2025-06-03T11:46:32.569445" elapsed="0.212026"/>
</kw>
<kw name="Expand Group And Locate Test Group">
<kw name="Wait Until Element Is Visible" owner="SeleniumLibrary">
<arg>xpath=//span[normalize-space(.)="${NTC_Management_Node}"]</arg>
<arg>10s</arg>
<doc>Waits until the element ``locator`` is visible.</doc>
<status status="PASS" start="2025-06-03T11:46:32.782459" elapsed="0.026186"/>
</kw>
<kw name="Click Element" owner="SeleniumLibrary">
<msg time="2025-06-03T11:46:32.809645" level="INFO">Clicking element 'xpath=//span[normalize-space(.)="List Of NTC's"]'.</msg>
<arg>xpath=//span[normalize-space(.)="${NTC_Management_Node}"]</arg>
<doc>Click the element identified by ``locator``.</doc>
<status status="PASS" start="2025-06-03T11:46:32.809645" elapsed="0.124901"/>
</kw>
<kw name="Click Element" owner="SeleniumLibrary">
<msg time="2025-06-03T11:46:32.936514" level="INFO">Clicking element 'xpath=//p[normalize-space(.)="ALLNTX"]'.</msg>
<arg>xpath=//p[normalize-space(.)="${Cluster_name}"]</arg>
<doc>Click the element identified by ``locator``.</doc>
<status status="PASS" start="2025-06-03T11:46:32.935544" elapsed="0.158002"/>
</kw>
<kw name="Sleep" owner="BuiltIn">
<msg time="2025-06-03T11:46:38.095268" level="INFO">Slept 5 seconds.</msg>
<arg>5s</arg>
<doc>Pauses the test executed for the given time.</doc>
<status status="PASS" start="2025-06-03T11:46:33.094543" elapsed="5.000725"/>
</kw>
<status status="PASS" start="2025-06-03T11:46:32.782459" elapsed="5.313809"/>
</kw>
<kw name="Verify Cluster">
<kw name="Set Variable" owner="BuiltIn">
<msg time="2025-06-03T11:46:38.098267" level="INFO">${locator} = xpath=//li[.//p[normalize-space(.)='5EC']]/ul//li/p[normalize-space(.)='test32']</msg>
<var>${locator}</var>
<arg>xpath=//li[.//p[normalize-space(.)='${node}']]/ul//li/p[normalize-space(.)='${Test}']</arg>
<doc>Returns the given values which can then be assigned to a variables.</doc>
<status status="PASS" start="2025-06-03T11:46:38.097270" elapsed="0.000997"/>
</kw>
<kw name="Run Keyword And Return Status" owner="BuiltIn">
<kw name="Page Should Contain Element" owner="SeleniumLibrary">
<msg time="2025-06-03T11:46:38.753550" level="INFO" html="true">&lt;/td&gt;&lt;/tr&gt;&lt;tr&gt;&lt;td colspan="3"&gt;&lt;a href="selenium-screenshot-3.png"&gt;&lt;img src="selenium-screenshot-3.png" width="800px"&gt;&lt;/a&gt;</msg>
<msg time="2025-06-03T11:46:38.753550" level="FAIL">5s</msg>
<arg>${locator}</arg>
<arg>5s</arg>
<doc>Verifies that element ``locator`` is found on the current page.</doc>
<status status="FAIL" start="2025-06-03T11:46:38.099268" elapsed="0.687392">5s</status>
</kw>
<msg time="2025-06-03T11:46:38.787215" level="INFO">${found} = False</msg>
<var>${found}</var>
<arg>Page Should Contain Element</arg>
<arg>${locator}</arg>
<arg>5s</arg>
<doc>Runs the given keyword with given arguments and returns the status as a Boolean value.</doc>
<status status="PASS" start="2025-06-03T11:46:38.098267" elapsed="0.688948"/>
</kw>
<kw name="Run Keyword If" owner="BuiltIn">
<kw name="Fail" owner="BuiltIn">
<msg time="2025-06-03T11:46:38.788737" level="FAIL">❌ Cluster “test32” **NOT** found under “5EC”</msg>
<arg>❌ Cluster “${Test}” **NOT** found under “${node}”</arg>
<doc>Fails the test with the given message and optionally alters its tags.</doc>
<status status="FAIL" start="2025-06-03T11:46:38.787724" elapsed="0.001013">❌ Cluster “test32” **NOT** found under “5EC”</status>
</kw>
<arg>${found}</arg>
<arg>Log To Console</arg>
<arg>✅ Cluster “${Test}” found under “${node}”</arg>
<arg>ELSE</arg>
<arg>Fail</arg>
<arg>❌ Cluster “${Test}” **NOT** found under “${node}”</arg>
<doc>Runs the given keyword with the given arguments, if ``condition`` is true.</doc>
<status status="FAIL" start="2025-06-03T11:46:38.787724" elapsed="0.001013">❌ Cluster “test32” **NOT** found under “5EC”</status>
</kw>
<arg>${node_name}</arg>
<arg>${Test_group}</arg>
<status status="FAIL" start="2025-06-03T11:46:38.096268" elapsed="0.692469">❌ Cluster “test32” **NOT** found under “5EC”</status>
</kw>
<status status="FAIL" start="2025-06-03T11:46:30.771158" elapsed="8.018578">❌ Cluster “test32” **NOT** found under “5EC”</status>
</test>
<kw name="Close Browser" owner="SeleniumLibrary" type="TEARDOWN">
<doc>Closes the current browser.</doc>
<status status="PASS" start="2025-06-03T11:46:38.791741" elapsed="2.341075"/>
</kw>
<status status="FAIL" start="2025-06-03T11:45:39.617952" elapsed="61.514864"/>
</suite>
<status status="FAIL" start="2025-06-03T11:45:39.613953" elapsed="61.521857"/>
</suite>
<status status="FAIL" start="2025-06-03T11:41:15.672997" elapsed="325.464794"/>
</suite>
<statistics>
<total>
<stat pass="6" fail="1" skip="0">All Tests</stat>
</total>
<tag>
</tag>
<suite>
<stat name="PNF &amp; Zone Management &amp; NTC Management" id="s1" pass="6" fail="1" skip="0">PNF &amp; Zone Management &amp; NTC Management</stat>
<stat name="PNF" id="s1-s1" pass="3" fail="0" skip="0">PNF &amp; Zone Management &amp; NTC Management.PNF</stat>
<stat name="01 CreateGroup test" id="s1-s1-s1" pass="1" fail="0" skip="0">PNF &amp; Zone Management &amp; NTC Management.PNF.01 CreateGroup test</stat>
<stat name="02 UpdateGroup test" id="s1-s1-s2" pass="1" fail="0" skip="0">PNF &amp; Zone Management &amp; NTC Management.PNF.02 UpdateGroup test</stat>
<stat name="03 DeleteGroup test" id="s1-s1-s3" pass="1" fail="0" skip="0">PNF &amp; Zone Management &amp; NTC Management.PNF.03 DeleteGroup test</stat>
<stat name="Zone Management" id="s1-s2" pass="3" fail="0" skip="0">PNF &amp; Zone Management &amp; NTC Management.Zone Management</stat>
<stat name="01 CreateGroup test" id="s1-s2-s1" pass="1" fail="0" skip="0">PNF &amp; Zone Management &amp; NTC Management.Zone Management.01 CreateGroup test</stat>
<stat name="02 UpdateGroup test" id="s1-s2-s2" pass="1" fail="0" skip="0">PNF &amp; Zone Management &amp; NTC Management.Zone Management.02 UpdateGroup test</stat>
<stat name="03 DeleteGroup test" id="s1-s2-s3" pass="1" fail="0" skip="0">PNF &amp; Zone Management &amp; NTC Management.Zone Management.03 DeleteGroup test</stat>
<stat name="NTC Management" id="s1-s3" pass="0" fail="1" skip="0">PNF &amp; Zone Management &amp; NTC Management.NTC Management</stat>
<stat name="Verify test" id="s1-s3-s1" pass="0" fail="1" skip="0">PNF &amp; Zone Management &amp; NTC Management.NTC Management.Verify test</stat>
</suite>
</statistics>
<errors>
<msg time="2025-06-03T11:41:16.152040" level="WARN">exexcutable_path is being deprecated. Please use service to configure the driver's executable_path as per documentation.</msg>
<msg time="2025-06-03T11:42:19.349393" level="WARN">exexcutable_path is being deprecated. Please use service to configure the driver's executable_path as per documentation.</msg>
<msg time="2025-06-03T11:43:06.650090" level="WARN">exexcutable_path is being deprecated. Please use service to configure the driver's executable_path as per documentation.</msg>
<msg time="2025-06-03T11:43:40.574269" level="WARN">exexcutable_path is being deprecated. Please use service to configure the driver's executable_path as per documentation.</msg>
<msg time="2025-06-03T11:44:27.526896" level="WARN">exexcutable_path is being deprecated. Please use service to configure the driver's executable_path as per documentation.</msg>
<msg time="2025-06-03T11:45:12.850939" level="WARN">exexcutable_path is being deprecated. Please use service to configure the driver's executable_path as per documentation.</msg>
<msg time="2025-06-03T11:45:39.658951" level="WARN">exexcutable_path is being deprecated. Please use service to configure the driver's executable_path as per documentation.</msg>
</errors>
</robot>
