<?xml version="1.0" encoding="UTF-8"?>
<robot generator="Robot 7.2.2 (Python 3.11.4 on win32)" generated="2025-06-17T11:53:22.651807" rpa="false" schemaversion="5">
<suite id="s1" name="PNF VNF test" source="C:\Users\pk0952\PycharmProjects\ANT_CRUD\tests\Test_Management\PNF_VNF_test.robot">
<kw name="Login Once" owner="common" type="SETUP">
<kw name="Open Browser" owner="SeleniumLibrary">
<msg time="2025-06-17T11:53:23.192801" level="WARN">exexcutable_path is being deprecated. Please use service to configure the driver's executable_path as per documentation.</msg>
<msg time="2025-06-17T11:53:23.193802" level="INFO">Opening browser 'Chrome' to base url 'https://ant228.dev.att.com:8443'.</msg>
<arg>${URL}</arg>
<arg>Chrome</arg>
<arg>executable_path=${DRIVER_PATH}</arg>
<doc>Opens a new browser instance to the optional ``url``.</doc>
<status status="PASS" start="2025-06-17T11:53:23.192801" elapsed="2.931507"/>
</kw>
<kw name="Maximize Browser Window" owner="SeleniumLibrary">
<doc>Maximizes current browser window.</doc>
<status status="PASS" start="2025-06-17T11:53:26.125302" elapsed="0.084001"/>
</kw>
<kw name="Wait Until Element Is Visible" owner="SeleniumLibrary">
<arg>id=desktop_dropdown_button</arg>
<arg>10s</arg>
<doc>Waits until the element ``locator`` is visible.</doc>
<status status="PASS" start="2025-06-17T11:53:26.210317" elapsed="0.036983"/>
</kw>
<kw name="Click Element" owner="SeleniumLibrary">
<msg time="2025-06-17T11:53:26.248301" level="INFO">Clicking element 'id=desktop_dropdown_button'.</msg>
<arg>id=desktop_dropdown_button</arg>
<doc>Click the element identified by ``locator``.</doc>
<status status="PASS" start="2025-06-17T11:53:26.248301" elapsed="0.218893"/>
</kw>
<kw name="Wait Until Element Is Visible" owner="SeleniumLibrary">
<arg>id=WindowsAccountSelectId</arg>
<arg>5s</arg>
<doc>Waits until the element ``locator`` is visible.</doc>
<status status="PASS" start="2025-06-17T11:53:26.468193" elapsed="0.033001"/>
</kw>
<kw name="Click Element" owner="SeleniumLibrary">
<msg time="2025-06-17T11:53:26.501194" level="INFO">Clicking element 'id=WindowsAccountSelectId'.</msg>
<arg>id=WindowsAccountSelectId</arg>
<doc>Click the element identified by ``locator``.</doc>
<status status="PASS" start="2025-06-17T11:53:26.501194" elapsed="0.138001"/>
</kw>
<kw name="Wait Until Element Is Visible" owner="SeleniumLibrary">
<arg>id=windowsSubmit</arg>
<arg>5s</arg>
<doc>Waits until the element ``locator`` is visible.</doc>
<status status="PASS" start="2025-06-17T11:53:26.639195" elapsed="0.028025"/>
</kw>
<kw name="Click Element" owner="SeleniumLibrary">
<msg time="2025-06-17T11:53:26.667220" level="INFO">Clicking element 'id=windowsSubmit'.</msg>
<arg>id=windowsSubmit</arg>
<doc>Click the element identified by ``locator``.</doc>
<status status="PASS" start="2025-06-17T11:53:26.667220" elapsed="0.581965"/>
</kw>
<kw name="Wait Until Page Contains" owner="SeleniumLibrary">
<arg>${PRIORITY_TEXT}</arg>
<arg>60s</arg>
<doc>Waits until ``text`` appears on the current page.</doc>
<status status="PASS" start="2025-06-17T11:53:27.249185" elapsed="10.076143"/>
</kw>
<status status="PASS" start="2025-06-17T11:53:23.191800" elapsed="14.134527"/>
</kw>
<test id="s1-t1" name="PNF_VNF Test Case Management" line="10">
<kw name="Open Network Inventory" owner="common">
<kw name="Sleep" owner="BuiltIn">
<msg time="2025-06-17T11:53:42.328495" level="INFO">Slept 5 seconds.</msg>
<arg>5s</arg>
<doc>Pauses the test executed for the given time.</doc>
<status status="PASS" start="2025-06-17T11:53:37.327328" elapsed="5.001167"/>
</kw>
<kw name="Click Element" owner="SeleniumLibrary">
<msg time="2025-06-17T11:53:42.329075" level="INFO">Clicking element 'xpath=//figure[.//div[normalize-space(.)="Test Management"]]'.</msg>
<arg>xpath=//figure[.//div[normalize-space(.)="Test Management"]]</arg>
<doc>Click the element identified by ``locator``.</doc>
<status status="PASS" start="2025-06-17T11:53:42.329075" elapsed="4.165422"/>
</kw>
<status status="PASS" start="2025-06-17T11:53:37.327328" elapsed="9.168169"/>
</kw>
<kw name="DUT Type Dropdown" owner="Reusable_keywords">
<kw name="Wait Until Element Is Visible" owner="SeleniumLibrary">
<arg>xpath=//*[@id='${container_id}']//md-select</arg>
<arg>timeout=60s</arg>
<doc>Waits until the element ``locator`` is visible.</doc>
<status status="PASS" start="2025-06-17T11:53:46.497496" elapsed="0.096059"/>
</kw>
<kw name="Click Element" owner="SeleniumLibrary">
<msg time="2025-06-17T11:53:46.594556" level="INFO">Clicking element 'xpath=//*[@id='inputDutType']//md-select'.</msg>
<arg>xpath=//*[@id='${container_id}']//md-select</arg>
<doc>Click the element identified by ``locator``.</doc>
<status status="PASS" start="2025-06-17T11:53:46.593555" elapsed="0.188998"/>
</kw>
<kw name="Sleep" owner="BuiltIn">
<msg time="2025-06-17T11:53:47.784048" level="INFO">Slept 1 second.</msg>
<arg>1s</arg>
<doc>Pauses the test executed for the given time.</doc>
<status status="PASS" start="2025-06-17T11:53:46.783552" elapsed="1.000496"/>
</kw>
<kw name="Wait Until Element Is Visible" owner="SeleniumLibrary">
<arg>xpath=//md-option[@id='${option_text}']</arg>
<doc>Waits until the element ``locator`` is visible.</doc>
<status status="PASS" start="2025-06-17T11:53:47.784048" elapsed="0.039003"/>
</kw>
<kw name="Click Element" owner="SeleniumLibrary">
<msg time="2025-06-17T11:53:47.824049" level="INFO">Clicking element 'xpath=//md-option[@id='optionPNF_VNF']'.</msg>
<arg>xpath=//md-option[@id='${option_text}']</arg>
<doc>Click the element identified by ``locator``.</doc>
<status status="PASS" start="2025-06-17T11:53:47.824049" elapsed="0.211997"/>
</kw>
<kw name="Sleep" owner="BuiltIn">
<msg time="2025-06-17T11:53:49.037175" level="INFO">Slept 1 second.</msg>
<arg>1s</arg>
<doc>Pauses the test executed for the given time.</doc>
<status status="PASS" start="2025-06-17T11:53:48.037046" elapsed="1.000129"/>
</kw>
<kw name="Click Element" owner="SeleniumLibrary">
<msg time="2025-06-17T11:53:49.038174" level="INFO">Clicking element 'xpath=//body'.</msg>
<arg>xpath=//body</arg>
<doc>Click the element identified by ``locator``.</doc>
<status status="PASS" start="2025-06-17T11:53:49.037175" elapsed="0.121999"/>
</kw>
<arg>@{DUT Type ID}</arg>
<arg>@{DUT Type PNF_VNF CHOICE ID}</arg>
<status status="PASS" start="2025-06-17T11:53:46.496497" elapsed="2.663677"/>
</kw>
<for flavor="IN">
<iter>
<kw name="Dropdown" owner="Reusable_keywords">
<kw name="Wait Until Element Is Visible" owner="SeleniumLibrary">
<arg>xpath=//*[@id='${container_id}']//md-select</arg>
<arg>timeout=60s</arg>
<doc>Waits until the element ``locator`` is visible.</doc>
<status status="PASS" start="2025-06-17T11:53:49.163178" elapsed="0.042998"/>
</kw>
<kw name="Click Element" owner="SeleniumLibrary">
<msg time="2025-06-17T11:53:49.206176" level="INFO">Clicking element 'xpath=//*[@id='inputPnfVnf']//md-select'.</msg>
<arg>xpath=//*[@id='${container_id}']//md-select</arg>
<doc>Click the element identified by ``locator``.</doc>
<status status="PASS" start="2025-06-17T11:53:49.206176" elapsed="0.165215"/>
</kw>
<kw name="Sleep" owner="BuiltIn">
<msg time="2025-06-17T11:53:50.373149" level="INFO">Slept 1 second.</msg>
<arg>1s</arg>
<doc>Pauses the test executed for the given time.</doc>
<status status="PASS" start="2025-06-17T11:53:49.372394" elapsed="1.000755"/>
</kw>
<kw name="Wait Until Element Is Visible" owner="SeleniumLibrary">
<arg>xpath=//md-option[@id='${ID}' and @value='${value}']</arg>
<arg>timeout=10s</arg>
<doc>Waits until the element ``locator`` is visible.</doc>
<status status="PASS" start="2025-06-17T11:53:50.373149" elapsed="0.030002"/>
</kw>
<kw name="Click Element" owner="SeleniumLibrary">
<msg time="2025-06-17T11:53:50.404153" level="INFO">Clicking element 'xpath=//md-option[@id='optionPnfVnf-1' and @value='AMF']'.</msg>
<arg>xpath=//md-option[@id='${ID}' and @value='${value}']</arg>
<doc>Click the element identified by ``locator``.</doc>
<status status="PASS" start="2025-06-17T11:53:50.403151" elapsed="0.142564"/>
</kw>
<kw name="Sleep" owner="BuiltIn">
<msg time="2025-06-17T11:53:51.547340" level="INFO">Slept 1 second.</msg>
<arg>1s</arg>
<doc>Pauses the test executed for the given time.</doc>
<status status="PASS" start="2025-06-17T11:53:50.546713" elapsed="1.000627"/>
</kw>
<kw name="Click Element" owner="SeleniumLibrary">
<msg time="2025-06-17T11:53:51.548340" level="INFO">Clicking element 'xpath=//body'.</msg>
<arg>xpath=//body</arg>
<doc>Click the element identified by ``locator``.</doc>
<status status="PASS" start="2025-06-17T11:53:51.547340" elapsed="0.130998"/>
</kw>
<kw name="Sleep" owner="BuiltIn">
<msg time="2025-06-17T11:53:53.679632" level="INFO">Slept 2 seconds.</msg>
<arg>2s</arg>
<doc>Pauses the test executed for the given time.</doc>
<status status="PASS" start="2025-06-17T11:53:51.678338" elapsed="2.001294"/>
</kw>
<arg>${container}</arg>
<arg>${ID}</arg>
<arg>${value}</arg>
<status status="PASS" start="2025-06-17T11:53:49.162179" elapsed="4.517453"/>
</kw>
<var name="${container}">inputPnfVnf</var>
<var name="${ID}">optionPnfVnf-1</var>
<var name="${value}">AMF</var>
<status status="PASS" start="2025-06-17T11:53:49.161179" elapsed="4.518453"/>
</iter>
<iter>
<kw name="Dropdown" owner="Reusable_keywords">
<kw name="Wait Until Element Is Visible" owner="SeleniumLibrary">
<arg>xpath=//*[@id='${container_id}']//md-select</arg>
<arg>timeout=60s</arg>
<doc>Waits until the element ``locator`` is visible.</doc>
<status status="PASS" start="2025-06-17T11:53:53.682632" elapsed="0.037002"/>
</kw>
<kw name="Click Element" owner="SeleniumLibrary">
<msg time="2025-06-17T11:53:53.720633" level="INFO">Clicking element 'xpath=//*[@id='inputTrafficTool']//md-select'.</msg>
<arg>xpath=//*[@id='${container_id}']//md-select</arg>
<doc>Click the element identified by ``locator``.</doc>
<status status="PASS" start="2025-06-17T11:53:53.720633" elapsed="0.138001"/>
</kw>
<kw name="Sleep" owner="BuiltIn">
<msg time="2025-06-17T11:53:54.860479" level="INFO">Slept 1 second.</msg>
<arg>1s</arg>
<doc>Pauses the test executed for the given time.</doc>
<status status="PASS" start="2025-06-17T11:53:53.858634" elapsed="1.001845"/>
</kw>
<kw name="Wait Until Element Is Visible" owner="SeleniumLibrary">
<arg>xpath=//md-option[@id='${ID}' and @value='${value}']</arg>
<arg>timeout=10s</arg>
<doc>Waits until the element ``locator`` is visible.</doc>
<status status="PASS" start="2025-06-17T11:53:54.860479" elapsed="0.039994"/>
</kw>
<kw name="Click Element" owner="SeleniumLibrary">
<msg time="2025-06-17T11:53:54.901474" level="INFO">Clicking element 'xpath=//md-option[@id='optionNone' and @value='none']'.</msg>
<arg>xpath=//md-option[@id='${ID}' and @value='${value}']</arg>
<doc>Click the element identified by ``locator``.</doc>
<status status="PASS" start="2025-06-17T11:53:54.900473" elapsed="0.249003"/>
</kw>
<kw name="Sleep" owner="BuiltIn">
<msg time="2025-06-17T11:53:56.151383" level="INFO">Slept 1 second.</msg>
<arg>1s</arg>
<doc>Pauses the test executed for the given time.</doc>
<status status="PASS" start="2025-06-17T11:53:55.150476" elapsed="1.000907"/>
</kw>
<kw name="Click Element" owner="SeleniumLibrary">
<msg time="2025-06-17T11:53:56.152384" level="INFO">Clicking element 'xpath=//body'.</msg>
<arg>xpath=//body</arg>
<doc>Click the element identified by ``locator``.</doc>
<status status="PASS" start="2025-06-17T11:53:56.151383" elapsed="0.110999"/>
</kw>
<kw name="Sleep" owner="BuiltIn">
<msg time="2025-06-17T11:53:58.264028" level="INFO">Slept 2 seconds.</msg>
<arg>2s</arg>
<doc>Pauses the test executed for the given time.</doc>
<status status="PASS" start="2025-06-17T11:53:56.262382" elapsed="2.001646"/>
</kw>
<arg>${container}</arg>
<arg>${ID}</arg>
<arg>${value}</arg>
<status status="PASS" start="2025-06-17T11:53:53.681633" elapsed="4.582395"/>
</kw>
<var name="${container}">inputTrafficTool</var>
<var name="${ID}">optionNone</var>
<var name="${value}">none</var>
<status status="PASS" start="2025-06-17T11:53:53.680633" elapsed="4.583395"/>
</iter>
<var>${container}</var>
<var>${ID}</var>
<var>${value}</var>
<value>@{DUT PNF_VNF Dropdown Selection}</value>
<status status="PASS" start="2025-06-17T11:53:49.160174" elapsed="9.104856"/>
</for>
<kw name="Click Apply Button" owner="Reusable_keywords">
<kw name="Wait Until Element Is Visible" owner="SeleniumLibrary">
<arg>xpath=//*[@id='createIcon']</arg>
<arg>timeout=10s</arg>
<doc>Waits until the element ``locator`` is visible.</doc>
<status status="PASS" start="2025-06-17T11:53:58.266029" elapsed="0.042585"/>
</kw>
<kw name="Click Element" owner="SeleniumLibrary">
<msg time="2025-06-17T11:53:58.309614" level="INFO">Clicking element 'xpath=//*[@id='createIcon']'.</msg>
<arg>xpath=//*[@id='createIcon']</arg>
<doc>Click the element identified by ``locator``.</doc>
<status status="PASS" start="2025-06-17T11:53:58.308614" elapsed="0.232010"/>
</kw>
<kw name="Sleep" owner="BuiltIn">
<msg time="2025-06-17T11:54:00.541894" level="INFO">Slept 2 seconds.</msg>
<arg>2s</arg>
<doc>Pauses the test executed for the given time.</doc>
<status status="PASS" start="2025-06-17T11:53:58.540624" elapsed="2.001270"/>
</kw>
<status status="PASS" start="2025-06-17T11:53:58.266029" elapsed="2.275865"/>
</kw>
<kw name="Dropdown" owner="Reusable_keywords">
<kw name="Wait Until Element Is Visible" owner="SeleniumLibrary">
<arg>xpath=//*[@id='${container_id}']//md-select</arg>
<arg>timeout=60s</arg>
<doc>Waits until the element ``locator`` is visible.</doc>
<status status="PASS" start="2025-06-17T11:54:00.543896" elapsed="0.038000"/>
</kw>
<kw name="Click Element" owner="SeleniumLibrary">
<msg time="2025-06-17T11:54:00.582897" level="INFO">Clicking element 'xpath=//*[@id='scriptTypeContainer']//md-select'.</msg>
<arg>xpath=//*[@id='${container_id}']//md-select</arg>
<doc>Click the element identified by ``locator``.</doc>
<status status="PASS" start="2025-06-17T11:54:00.581896" elapsed="0.177000"/>
</kw>
<kw name="Sleep" owner="BuiltIn">
<msg time="2025-06-17T11:54:01.760329" level="INFO">Slept 1 second.</msg>
<arg>1s</arg>
<doc>Pauses the test executed for the given time.</doc>
<status status="PASS" start="2025-06-17T11:54:00.759895" elapsed="1.000434"/>
</kw>
<kw name="Wait Until Element Is Visible" owner="SeleniumLibrary">
<arg>xpath=//md-option[@id='${ID}' and @value='${value}']</arg>
<arg>timeout=10s</arg>
<doc>Waits until the element ``locator`` is visible.</doc>
<status status="PASS" start="2025-06-17T11:54:01.760329" elapsed="0.033003"/>
</kw>
<kw name="Click Element" owner="SeleniumLibrary">
<msg time="2025-06-17T11:54:01.794330" level="INFO">Clicking element 'xpath=//md-option[@id='superScriptOption' and @value='Super Script']'.</msg>
<arg>xpath=//md-option[@id='${ID}' and @value='${value}']</arg>
<doc>Click the element identified by ``locator``.</doc>
<status status="PASS" start="2025-06-17T11:54:01.793332" elapsed="0.152996"/>
</kw>
<kw name="Sleep" owner="BuiltIn">
<msg time="2025-06-17T11:54:02.947199" level="INFO">Slept 1 second.</msg>
<arg>1s</arg>
<doc>Pauses the test executed for the given time.</doc>
<status status="PASS" start="2025-06-17T11:54:01.946328" elapsed="1.000871"/>
</kw>
<kw name="Click Element" owner="SeleniumLibrary">
<msg time="2025-06-17T11:54:02.947199" level="INFO">Clicking element 'xpath=//body'.</msg>
<arg>xpath=//body</arg>
<doc>Click the element identified by ``locator``.</doc>
<status status="PASS" start="2025-06-17T11:54:02.947199" elapsed="0.128994"/>
</kw>
<kw name="Sleep" owner="BuiltIn">
<msg time="2025-06-17T11:54:05.077989" level="INFO">Slept 2 seconds.</msg>
<arg>2s</arg>
<doc>Pauses the test executed for the given time.</doc>
<status status="PASS" start="2025-06-17T11:54:03.076193" elapsed="2.001796"/>
</kw>
<arg>@{type_container_ID}</arg>
<arg>@{type_dropdown_ID}</arg>
<arg>@{type_dropdown_value}</arg>
<status status="PASS" start="2025-06-17T11:54:00.542895" elapsed="4.535094"/>
</kw>
<kw name="Dropdown" owner="Reusable_keywords">
<kw name="Wait Until Element Is Visible" owner="SeleniumLibrary">
<arg>xpath=//*[@id='${container_id}']//md-select</arg>
<arg>timeout=60s</arg>
<doc>Waits until the element ``locator`` is visible.</doc>
<status status="PASS" start="2025-06-17T11:54:05.078992" elapsed="0.037023"/>
</kw>
<kw name="Click Element" owner="SeleniumLibrary">
<msg time="2025-06-17T11:54:05.117016" level="INFO">Clicking element 'xpath=//*[@id='scriptInputContainerSave']//md-select'.</msg>
<arg>xpath=//*[@id='${container_id}']//md-select</arg>
<doc>Click the element identified by ``locator``.</doc>
<status status="PASS" start="2025-06-17T11:54:05.117016" elapsed="0.134978"/>
</kw>
<kw name="Sleep" owner="BuiltIn">
<msg time="2025-06-17T11:54:06.253728" level="INFO">Slept 1 second.</msg>
<arg>1s</arg>
<doc>Pauses the test executed for the given time.</doc>
<status status="PASS" start="2025-06-17T11:54:05.252989" elapsed="1.000739"/>
</kw>
<kw name="Wait Until Element Is Visible" owner="SeleniumLibrary">
<arg>xpath=//md-option[@id='${ID}' and @value='${value}']</arg>
<arg>timeout=10s</arg>
<doc>Waits until the element ``locator`` is visible.</doc>
<status status="PASS" start="2025-06-17T11:54:06.254717" elapsed="0.036009"/>
</kw>
<kw name="Click Element" owner="SeleniumLibrary">
<msg time="2025-06-17T11:54:06.291283" level="INFO">Clicking element 'xpath=//md-option[@id='scriptOptionSave_1' and @value='Nodal_Api_CallBased']'.</msg>
<arg>xpath=//md-option[@id='${ID}' and @value='${value}']</arg>
<doc>Click the element identified by ``locator``.</doc>
<status status="PASS" start="2025-06-17T11:54:06.290726" elapsed="0.203551"/>
</kw>
<kw name="Sleep" owner="BuiltIn">
<msg time="2025-06-17T11:54:07.496968" level="INFO">Slept 1 second.</msg>
<arg>1s</arg>
<doc>Pauses the test executed for the given time.</doc>
<status status="PASS" start="2025-06-17T11:54:06.495274" elapsed="1.001694"/>
</kw>
<kw name="Click Element" owner="SeleniumLibrary">
<msg time="2025-06-17T11:54:07.497969" level="INFO">Clicking element 'xpath=//body'.</msg>
<arg>xpath=//body</arg>
<doc>Click the element identified by ``locator``.</doc>
<status status="PASS" start="2025-06-17T11:54:07.496968" elapsed="0.295996"/>
</kw>
<kw name="Sleep" owner="BuiltIn">
<msg time="2025-06-17T11:54:09.793576" level="INFO">Slept 2 seconds.</msg>
<arg>2s</arg>
<doc>Pauses the test executed for the given time.</doc>
<status status="PASS" start="2025-06-17T11:54:07.792964" elapsed="2.000612"/>
</kw>
<arg>@{PNF_VNF script_type_container_ID}</arg>
<arg>@{PNF_VNF script_type_dropdown_ID}</arg>
<arg>@{PNF_VNF script_type_dropdown_value}</arg>
<status status="PASS" start="2025-06-17T11:54:05.078992" elapsed="4.714584"/>
</kw>
<kw name="Nodal API Script Tabs" owner="Reusable_keywords">
<kw name="Wait Until Element Is Visible" owner="SeleniumLibrary">
<arg>xpath=//span[contains(normalize-space(.), '${ID}')]</arg>
<doc>Waits until the element ``locator`` is visible.</doc>
<status status="PASS" start="2025-06-17T11:54:09.794577" elapsed="0.040003"/>
</kw>
<kw name="Click Element" owner="SeleniumLibrary">
<msg time="2025-06-17T11:54:09.835578" level="INFO">Clicking element 'xpath=//span[contains(normalize-space(.), 'PayLoad Command Builder')]'.</msg>
<arg>xpath=//span[contains(normalize-space(.), '${ID}')]</arg>
<doc>Click the element identified by ``locator``.</doc>
<status status="PASS" start="2025-06-17T11:54:09.834580" elapsed="0.224528"/>
</kw>
<kw name="Sleep" owner="BuiltIn">
<msg time="2025-06-17T11:54:15.060244" level="INFO">Slept 5 seconds.</msg>
<arg>5s</arg>
<doc>Pauses the test executed for the given time.</doc>
<status status="PASS" start="2025-06-17T11:54:10.060101" elapsed="5.000143"/>
</kw>
<arg>@{PayLoad Command Builder}</arg>
<status status="PASS" start="2025-06-17T11:54:09.794577" elapsed="5.265667"/>
</kw>
<for flavor="IN">
<iter>
<kw name="Dropdown" owner="Reusable_keywords">
<kw name="Wait Until Element Is Visible" owner="SeleniumLibrary">
<arg>xpath=//*[@id='${container_id}']//md-select</arg>
<arg>timeout=60s</arg>
<doc>Waits until the element ``locator`` is visible.</doc>
<status status="PASS" start="2025-06-17T11:54:15.062256" elapsed="0.038998"/>
</kw>
<kw name="Click Element" owner="SeleniumLibrary">
<msg time="2025-06-17T11:54:15.102256" level="INFO">Clicking element 'xpath=//*[@id='dropInputContainer_0_0']//md-select'.</msg>
<arg>xpath=//*[@id='${container_id}']//md-select</arg>
<doc>Click the element identified by ``locator``.</doc>
<status status="PASS" start="2025-06-17T11:54:15.102256" elapsed="0.328754"/>
</kw>
<kw name="Sleep" owner="BuiltIn">
<msg time="2025-06-17T11:54:16.431219" level="INFO">Slept 1 second.</msg>
<arg>1s</arg>
<doc>Pauses the test executed for the given time.</doc>
<status status="PASS" start="2025-06-17T11:54:15.431010" elapsed="1.000209"/>
</kw>
<kw name="Wait Until Element Is Visible" owner="SeleniumLibrary">
<arg>xpath=//md-option[@id='${ID}' and @value='${value}']</arg>
<arg>timeout=10s</arg>
<doc>Waits until the element ``locator`` is visible.</doc>
<status status="PASS" start="2025-06-17T11:54:16.431219" elapsed="0.040002"/>
</kw>
<kw name="Click Element" owner="SeleniumLibrary">
<msg time="2025-06-17T11:54:16.472219" level="INFO">Clicking element 'xpath=//md-option[@id='dropOption_0_0_0' and @value='Default']'.</msg>
<arg>xpath=//md-option[@id='${ID}' and @value='${value}']</arg>
<doc>Click the element identified by ``locator``.</doc>
<status status="PASS" start="2025-06-17T11:54:16.471221" elapsed="0.178047"/>
</kw>
<kw name="Sleep" owner="BuiltIn">
<msg time="2025-06-17T11:54:17.650435" level="INFO">Slept 1 second.</msg>
<arg>1s</arg>
<doc>Pauses the test executed for the given time.</doc>
<status status="PASS" start="2025-06-17T11:54:16.649268" elapsed="1.001167"/>
</kw>
<kw name="Click Element" owner="SeleniumLibrary">
<msg time="2025-06-17T11:54:17.650435" level="INFO">Clicking element 'xpath=//body'.</msg>
<arg>xpath=//body</arg>
<doc>Click the element identified by ``locator``.</doc>
<status status="PASS" start="2025-06-17T11:54:17.650435" elapsed="0.124000"/>
</kw>
<kw name="Sleep" owner="BuiltIn">
<msg time="2025-06-17T11:54:19.775694" level="INFO">Slept 2 seconds.</msg>
<arg>2s</arg>
<doc>Pauses the test executed for the given time.</doc>
<status status="PASS" start="2025-06-17T11:54:17.774435" elapsed="2.001259"/>
</kw>
<arg>${container}</arg>
<arg>${ID}</arg>
<arg>${value}</arg>
<status status="PASS" start="2025-06-17T11:54:15.061256" elapsed="4.714438"/>
</kw>
<var name="${container}">dropInputContainer_0_0</var>
<var name="${ID}">dropOption_0_0_0</var>
<var name="${value}">Default</var>
<status status="PASS" start="2025-06-17T11:54:15.061256" elapsed="4.714438"/>
</iter>
<iter>
<kw name="Dropdown" owner="Reusable_keywords">
<kw name="Wait Until Element Is Visible" owner="SeleniumLibrary">
<arg>xpath=//*[@id='${container_id}']//md-select</arg>
<arg>timeout=60s</arg>
<doc>Waits until the element ``locator`` is visible.</doc>
<status status="PASS" start="2025-06-17T11:54:19.777693" elapsed="0.046001"/>
</kw>
<kw name="Click Element" owner="SeleniumLibrary">
<msg time="2025-06-17T11:54:19.824692" level="INFO">Clicking element 'xpath=//*[@id='dropInputContainer_0_2']//md-select'.</msg>
<arg>xpath=//*[@id='${container_id}']//md-select</arg>
<doc>Click the element identified by ``locator``.</doc>
<status status="PASS" start="2025-06-17T11:54:19.824692" elapsed="0.231996"/>
</kw>
<kw name="Sleep" owner="BuiltIn">
<msg time="2025-06-17T11:54:21.057755" level="INFO">Slept 1 second.</msg>
<arg>1s</arg>
<doc>Pauses the test executed for the given time.</doc>
<status status="PASS" start="2025-06-17T11:54:20.057690" elapsed="1.000065"/>
</kw>
<kw name="Wait Until Element Is Visible" owner="SeleniumLibrary">
<arg>xpath=//md-option[@id='${ID}' and @value='${value}']</arg>
<arg>timeout=10s</arg>
<doc>Waits until the element ``locator`` is visible.</doc>
<status status="PASS" start="2025-06-17T11:54:21.057755" elapsed="0.037002"/>
</kw>
<kw name="Click Element" owner="SeleniumLibrary">
<msg time="2025-06-17T11:54:21.095756" level="INFO">Clicking element 'xpath=//md-option[@id='dropOption_0_1_2' and @value='GET']'.</msg>
<arg>xpath=//md-option[@id='${ID}' and @value='${value}']</arg>
<doc>Click the element identified by ``locator``.</doc>
<status status="PASS" start="2025-06-17T11:54:21.094757" elapsed="0.186999"/>
</kw>
<kw name="Sleep" owner="BuiltIn">
<msg time="2025-06-17T11:54:22.283494" level="INFO">Slept 1 second.</msg>
<arg>1s</arg>
<doc>Pauses the test executed for the given time.</doc>
<status status="PASS" start="2025-06-17T11:54:21.281756" elapsed="1.001738"/>
</kw>
<kw name="Click Element" owner="SeleniumLibrary">
<msg time="2025-06-17T11:54:22.284495" level="INFO">Clicking element 'xpath=//body'.</msg>
<arg>xpath=//body</arg>
<doc>Click the element identified by ``locator``.</doc>
<status status="PASS" start="2025-06-17T11:54:22.283494" elapsed="0.158577"/>
</kw>
<kw name="Sleep" owner="BuiltIn">
<msg time="2025-06-17T11:54:24.442423" level="INFO">Slept 2 seconds.</msg>
<arg>2s</arg>
<doc>Pauses the test executed for the given time.</doc>
<status status="PASS" start="2025-06-17T11:54:22.442071" elapsed="2.000352"/>
</kw>
<arg>${container}</arg>
<arg>${ID}</arg>
<arg>${value}</arg>
<status status="PASS" start="2025-06-17T11:54:19.776695" elapsed="4.665728"/>
</kw>
<var name="${container}">dropInputContainer_0_2</var>
<var name="${ID}">dropOption_0_1_2</var>
<var name="${value}">GET</var>
<status status="PASS" start="2025-06-17T11:54:19.776695" elapsed="4.665728"/>
</iter>
<iter>
<kw name="Dropdown" owner="Reusable_keywords">
<kw name="Wait Until Element Is Visible" owner="SeleniumLibrary">
<arg>xpath=//*[@id='${container_id}']//md-select</arg>
<arg>timeout=60s</arg>
<doc>Waits until the element ``locator`` is visible.</doc>
<status status="PASS" start="2025-06-17T11:54:24.444422" elapsed="0.032999"/>
</kw>
<kw name="Click Element" owner="SeleniumLibrary">
<msg time="2025-06-17T11:54:24.478425" level="INFO">Clicking element 'xpath=//*[@id='dropInputContainer_0_13']//md-select'.</msg>
<arg>xpath=//*[@id='${container_id}']//md-select</arg>
<doc>Click the element identified by ``locator``.</doc>
<status status="PASS" start="2025-06-17T11:54:24.477421" elapsed="0.219003"/>
</kw>
<kw name="Sleep" owner="BuiltIn">
<msg time="2025-06-17T11:54:25.697836" level="INFO">Slept 1 second.</msg>
<arg>1s</arg>
<doc>Pauses the test executed for the given time.</doc>
<status status="PASS" start="2025-06-17T11:54:24.697423" elapsed="1.000413"/>
</kw>
<kw name="Wait Until Element Is Visible" owner="SeleniumLibrary">
<arg>xpath=//md-option[@id='${ID}' and @value='${value}']</arg>
<arg>timeout=10s</arg>
<doc>Waits until the element ``locator`` is visible.</doc>
<status status="PASS" start="2025-06-17T11:54:25.698386" elapsed="0.035967"/>
</kw>
<kw name="Click Element" owner="SeleniumLibrary">
<msg time="2025-06-17T11:54:25.735352" level="INFO">Clicking element 'xpath=//md-option[@id='dropOption_0_2_13' and @value='None']'.</msg>
<arg>xpath=//md-option[@id='${ID}' and @value='${value}']</arg>
<doc>Click the element identified by ``locator``.</doc>
<status status="PASS" start="2025-06-17T11:54:25.735352" elapsed="0.175005"/>
</kw>
<kw name="Sleep" owner="BuiltIn">
<msg time="2025-06-17T11:54:26.911907" level="INFO">Slept 1 second.</msg>
<arg>1s</arg>
<doc>Pauses the test executed for the given time.</doc>
<status status="PASS" start="2025-06-17T11:54:25.910357" elapsed="1.001550"/>
</kw>
<kw name="Click Element" owner="SeleniumLibrary">
<msg time="2025-06-17T11:54:26.912819" level="INFO">Clicking element 'xpath=//body'.</msg>
<arg>xpath=//body</arg>
<doc>Click the element identified by ``locator``.</doc>
<status status="PASS" start="2025-06-17T11:54:26.911907" elapsed="0.180879"/>
</kw>
<kw name="Sleep" owner="BuiltIn">
<msg time="2025-06-17T11:54:29.093717" level="INFO">Slept 2 seconds.</msg>
<arg>2s</arg>
<doc>Pauses the test executed for the given time.</doc>
<status status="PASS" start="2025-06-17T11:54:27.092786" elapsed="2.000931"/>
</kw>
<arg>${container}</arg>
<arg>${ID}</arg>
<arg>${value}</arg>
<status status="PASS" start="2025-06-17T11:54:24.443423" elapsed="4.650294"/>
</kw>
<var name="${container}">dropInputContainer_0_13</var>
<var name="${ID}">dropOption_0_2_13</var>
<var name="${value}">None</var>
<status status="PASS" start="2025-06-17T11:54:24.443423" elapsed="4.650294"/>
</iter>
<iter>
<kw name="Dropdown" owner="Reusable_keywords">
<kw name="Wait Until Element Is Visible" owner="SeleniumLibrary">
<arg>xpath=//*[@id='${container_id}']//md-select</arg>
<arg>timeout=60s</arg>
<doc>Waits until the element ``locator`` is visible.</doc>
<status status="PASS" start="2025-06-17T11:54:29.094717" elapsed="0.045001"/>
</kw>
<kw name="Click Element" owner="SeleniumLibrary">
<msg time="2025-06-17T11:54:29.140715" level="INFO">Clicking element 'xpath=//*[@id='dropInputContainer_0_14']//md-select'.</msg>
<arg>xpath=//*[@id='${container_id}']//md-select</arg>
<doc>Click the element identified by ``locator``.</doc>
<status status="PASS" start="2025-06-17T11:54:29.140715" elapsed="0.217234"/>
</kw>
<kw name="Sleep" owner="BuiltIn">
<msg time="2025-06-17T11:54:30.359586" level="INFO">Slept 1 second.</msg>
<arg>1s</arg>
<doc>Pauses the test executed for the given time.</doc>
<status status="PASS" start="2025-06-17T11:54:29.358954" elapsed="1.000632"/>
</kw>
<kw name="Wait Until Element Is Visible" owner="SeleniumLibrary">
<arg>xpath=//md-option[@id='${ID}' and @value='${value}']</arg>
<arg>timeout=10s</arg>
<doc>Waits until the element ``locator`` is visible.</doc>
<status status="PASS" start="2025-06-17T11:54:30.359586" elapsed="0.041047"/>
</kw>
<kw name="Click Element" owner="SeleniumLibrary">
<msg time="2025-06-17T11:54:30.401611" level="INFO">Clicking element 'xpath=//md-option[@id='dropOption_0_0_14' and @value='No']'.</msg>
<arg>xpath=//md-option[@id='${ID}' and @value='${value}']</arg>
<doc>Click the element identified by ``locator``.</doc>
<status status="PASS" start="2025-06-17T11:54:30.401611" elapsed="0.129112"/>
</kw>
<kw name="Sleep" owner="BuiltIn">
<msg time="2025-06-17T11:54:31.532045" level="INFO">Slept 1 second.</msg>
<arg>1s</arg>
<doc>Pauses the test executed for the given time.</doc>
<status status="PASS" start="2025-06-17T11:54:30.530723" elapsed="1.001322"/>
</kw>
<kw name="Click Element" owner="SeleniumLibrary">
<msg time="2025-06-17T11:54:31.533032" level="INFO">Clicking element 'xpath=//body'.</msg>
<arg>xpath=//body</arg>
<doc>Click the element identified by ``locator``.</doc>
<status status="PASS" start="2025-06-17T11:54:31.532045" elapsed="0.161045"/>
</kw>
<kw name="Sleep" owner="BuiltIn">
<msg time="2025-06-17T11:54:33.694411" level="INFO">Slept 2 seconds.</msg>
<arg>2s</arg>
<doc>Pauses the test executed for the given time.</doc>
<status status="PASS" start="2025-06-17T11:54:31.693090" elapsed="2.001321"/>
</kw>
<arg>${container}</arg>
<arg>${ID}</arg>
<arg>${value}</arg>
<status status="PASS" start="2025-06-17T11:54:29.094717" elapsed="4.599694"/>
</kw>
<var name="${container}">dropInputContainer_0_14</var>
<var name="${ID}">dropOption_0_0_14</var>
<var name="${value}">No</var>
<status status="PASS" start="2025-06-17T11:54:29.093717" elapsed="4.600694"/>
</iter>
<var>${container}</var>
<var>${ID}</var>
<var>${value}</var>
<value>@{PayLoad Command Builder Dropdown}</value>
<status status="PASS" start="2025-06-17T11:54:15.060244" elapsed="18.634167"/>
</for>
<status status="PASS" start="2025-06-17T11:53:37.326327" elapsed="56.369081"/>
</test>
<kw name="Close Browser" owner="SeleniumLibrary" type="TEARDOWN">
<doc>Closes the current browser.</doc>
<status status="PASS" start="2025-06-17T11:54:33.697408" elapsed="2.391131"/>
</kw>
<status status="PASS" start="2025-06-17T11:53:22.656805" elapsed="73.432735"/>
</suite>
<statistics>
<total>
<stat pass="1" fail="0" skip="0">All Tests</stat>
</total>
<tag>
</tag>
<suite>
<stat name="PNF VNF test" id="s1" pass="1" fail="0" skip="0">PNF VNF test</stat>
</suite>
</statistics>
<errors>
<msg time="2025-06-17T11:53:23.192801" level="WARN">exexcutable_path is being deprecated. Please use service to configure the driver's executable_path as per documentation.</msg>
</errors>
</robot>
