<?xml version="1.0" encoding="UTF-8"?>
<robot generator="Robot 7.2.2 (Python 3.11.4 on win32)" generated="2025-06-09T15:58:40.586088" rpa="false" schemaversion="5">
<suite id="s1" name="Test Case Management" source="C:\Users\pk0952\PycharmProjects\ANT_CRUD\tests\Test_Management\Test_Case_Management.robot">
<kw name="Login Once" owner="common" type="SETUP">
<kw name="Open Browser" owner="SeleniumLibrary">
<msg time="2025-06-09T15:58:41.081103" level="WARN">exexcutable_path is being deprecated. Please use service to configure the driver's executable_path as per documentation.</msg>
<msg time="2025-06-09T15:58:41.082105" level="INFO">Opening browser 'Chrome' to base url 'https://ant228.dev.att.com:8443'.</msg>
<arg>${URL}</arg>
<arg>Chrome</arg>
<arg>executable_path=${DRIVER_PATH}</arg>
<doc>Opens a new browser instance to the optional ``url``.</doc>
<status status="PASS" start="2025-06-09T15:58:41.081103" elapsed="2.449439"/>
</kw>
<kw name="Maximize Browser Window" owner="SeleniumLibrary">
<doc>Maximizes current browser window.</doc>
<status status="PASS" start="2025-06-09T15:58:43.530542" elapsed="0.096205"/>
</kw>
<kw name="Wait Until Element Is Visible" owner="SeleniumLibrary">
<arg>id=desktop_dropdown_button</arg>
<arg>10s</arg>
<doc>Waits until the element ``locator`` is visible.</doc>
<status status="PASS" start="2025-06-09T15:58:43.626747" elapsed="0.041997"/>
</kw>
<kw name="Click Element" owner="SeleniumLibrary">
<msg time="2025-06-09T15:58:43.669744" level="INFO">Clicking element 'id=desktop_dropdown_button'.</msg>
<arg>id=desktop_dropdown_button</arg>
<doc>Click the element identified by ``locator``.</doc>
<status status="PASS" start="2025-06-09T15:58:43.668744" elapsed="0.178028"/>
</kw>
<kw name="Wait Until Element Is Visible" owner="SeleniumLibrary">
<arg>id=WindowsAccountSelectId</arg>
<arg>5s</arg>
<doc>Waits until the element ``locator`` is visible.</doc>
<status status="PASS" start="2025-06-09T15:58:43.846772" elapsed="0.038999"/>
</kw>
<kw name="Click Element" owner="SeleniumLibrary">
<msg time="2025-06-09T15:58:43.886744" level="INFO">Clicking element 'id=WindowsAccountSelectId'.</msg>
<arg>id=WindowsAccountSelectId</arg>
<doc>Click the element identified by ``locator``.</doc>
<status status="PASS" start="2025-06-09T15:58:43.885771" elapsed="0.111978"/>
</kw>
<kw name="Wait Until Element Is Visible" owner="SeleniumLibrary">
<arg>id=windowsSubmit</arg>
<arg>5s</arg>
<doc>Waits until the element ``locator`` is visible.</doc>
<status status="PASS" start="2025-06-09T15:58:43.997749" elapsed="0.024998"/>
</kw>
<kw name="Click Element" owner="SeleniumLibrary">
<msg time="2025-06-09T15:58:44.023747" level="INFO">Clicking element 'id=windowsSubmit'.</msg>
<arg>id=windowsSubmit</arg>
<doc>Click the element identified by ``locator``.</doc>
<status status="PASS" start="2025-06-09T15:58:44.023747" elapsed="0.509198"/>
</kw>
<kw name="Wait Until Page Contains" owner="SeleniumLibrary">
<arg>${PRIORITY_TEXT}</arg>
<arg>60s</arg>
<doc>Waits until ``text`` appears on the current page.</doc>
<status status="PASS" start="2025-06-09T15:58:44.532945" elapsed="10.253154"/>
</kw>
<status status="PASS" start="2025-06-09T15:58:41.080080" elapsed="13.707019"/>
</kw>
<test id="s1-t1" name="Unique ID" line="49">
<kw name="Open Network Inventory" owner="common">
<kw name="Sleep" owner="BuiltIn">
<msg time="2025-06-09T15:58:59.791520" level="INFO">Slept 5 seconds.</msg>
<arg>5s</arg>
<doc>Pauses the test executed for the given time.</doc>
<status status="PASS" start="2025-06-09T15:58:54.790099" elapsed="5.001421"/>
</kw>
<kw name="Click Element" owner="SeleniumLibrary">
<msg time="2025-06-09T15:58:59.792549" level="INFO">Clicking element 'xpath=//figure[.//div[normalize-space(.)="Test Management"]]'.</msg>
<arg>xpath=//figure[.//div[normalize-space(.)="Test Management"]]</arg>
<doc>Click the element identified by ``locator``.</doc>
<status status="PASS" start="2025-06-09T15:58:59.792549" elapsed="3.762889"/>
</kw>
<status status="PASS" start="2025-06-09T15:58:54.789087" elapsed="8.767349"/>
</kw>
<kw name="DUT Type Dropdown">
<kw name="Wait Until Element Is Visible" owner="SeleniumLibrary">
<arg>xpath=//*[@id='${container_id}']//md-select</arg>
<arg>timeout=60s</arg>
<doc>Waits until the element ``locator`` is visible.</doc>
<status status="PASS" start="2025-06-09T15:59:03.558437" elapsed="0.431997"/>
</kw>
<kw name="Click Element" owner="SeleniumLibrary">
<msg time="2025-06-09T15:59:03.992431" level="INFO">Clicking element 'xpath=//*[@id='inputDutType']//md-select'.</msg>
<arg>xpath=//*[@id='${container_id}']//md-select</arg>
<doc>Click the element identified by ``locator``.</doc>
<status status="PASS" start="2025-06-09T15:59:03.991429" elapsed="0.197998"/>
</kw>
<kw name="Sleep" owner="BuiltIn">
<msg time="2025-06-09T15:59:05.191307" level="INFO">Slept 1 second.</msg>
<arg>1s</arg>
<doc>Pauses the test executed for the given time.</doc>
<status status="PASS" start="2025-06-09T15:59:04.189427" elapsed="1.001880"/>
</kw>
<kw name="Wait Until Element Is Visible" owner="SeleniumLibrary">
<arg>xpath=//md-option[@id='${option_text}']</arg>
<doc>Waits until the element ``locator`` is visible.</doc>
<status status="PASS" start="2025-06-09T15:59:05.191307" elapsed="0.042013"/>
</kw>
<kw name="Click Element" owner="SeleniumLibrary">
<msg time="2025-06-09T15:59:05.234345" level="INFO">Clicking element 'xpath=//md-option[@id='optionPNF_VNF']'.</msg>
<arg>xpath=//md-option[@id='${option_text}']</arg>
<doc>Click the element identified by ``locator``.</doc>
<status status="PASS" start="2025-06-09T15:59:05.234345" elapsed="0.204611"/>
</kw>
<kw name="Sleep" owner="BuiltIn">
<msg time="2025-06-09T15:59:06.440688" level="INFO">Slept 1 second.</msg>
<arg>1s</arg>
<doc>Pauses the test executed for the given time.</doc>
<status status="PASS" start="2025-06-09T15:59:05.438956" elapsed="1.001732"/>
</kw>
<kw name="Click Element" owner="SeleniumLibrary">
<msg time="2025-06-09T15:59:06.441689" level="INFO">Clicking element 'xpath=//body'.</msg>
<arg>xpath=//body</arg>
<doc>Click the element identified by ``locator``.</doc>
<status status="PASS" start="2025-06-09T15:59:06.441689" elapsed="0.136200"/>
</kw>
<arg>${DUT Type}[0]</arg>
<arg>${DUT Type}[1]</arg>
<status status="PASS" start="2025-06-09T15:59:03.557436" elapsed="3.020453"/>
</kw>
<for flavor="IN">
<iter>
<kw name="DUT selection Dropdown">
<kw name="Wait Until Element Is Visible" owner="SeleniumLibrary">
<arg>xpath=//*[@id='${container_id}']//md-select</arg>
<arg>timeout=60s</arg>
<doc>Waits until the element ``locator`` is visible.</doc>
<status status="PASS" start="2025-06-09T15:59:06.579889" elapsed="0.036999"/>
</kw>
<kw name="Click Element" owner="SeleniumLibrary">
<msg time="2025-06-09T15:59:06.616888" level="INFO">Clicking element 'xpath=//*[@id='inputPnfVnf']//md-select'.</msg>
<arg>xpath=//*[@id='${container_id}']//md-select</arg>
<doc>Click the element identified by ``locator``.</doc>
<status status="PASS" start="2025-06-09T15:59:06.616888" elapsed="0.190999"/>
</kw>
<kw name="Wait Until Element Is Visible" owner="SeleniumLibrary">
<arg>xpath=//md-option[normalize-space(.)='${option_text}']</arg>
<arg>timeout=10s</arg>
<doc>Waits until the element ``locator`` is visible.</doc>
<status status="PASS" start="2025-06-09T15:59:06.808890" elapsed="0.281221"/>
</kw>
<kw name="Click Element" owner="SeleniumLibrary">
<msg time="2025-06-09T15:59:07.091098" level="INFO">Clicking element 'xpath=//md-option[normalize-space(.)='AMF']'.</msg>
<arg>xpath=//md-option[normalize-space(.)='${option_text}']</arg>
<doc>Click the element identified by ``locator``.</doc>
<status status="PASS" start="2025-06-09T15:59:07.090111" elapsed="0.200982"/>
</kw>
<kw name="Sleep" owner="BuiltIn">
<msg time="2025-06-09T15:59:08.292186" level="INFO">Slept 1 second.</msg>
<arg>1s</arg>
<doc>Pauses the test executed for the given time.</doc>
<status status="PASS" start="2025-06-09T15:59:07.291093" elapsed="1.001093"/>
</kw>
<kw name="Click Element" owner="SeleniumLibrary">
<msg time="2025-06-09T15:59:08.293186" level="INFO">Clicking element 'xpath=//body'.</msg>
<arg>xpath=//body</arg>
<doc>Click the element identified by ``locator``.</doc>
<status status="PASS" start="2025-06-09T15:59:08.292186" elapsed="0.108031"/>
</kw>
<arg>${container}</arg>
<arg>${value}</arg>
<status status="PASS" start="2025-06-09T15:59:06.578889" elapsed="1.821328"/>
</kw>
<var name="${container}">inputPnfVnf</var>
<var name="${value}">AMF</var>
<status status="PASS" start="2025-06-09T15:59:06.578889" elapsed="1.821328"/>
</iter>
<iter>
<kw name="DUT selection Dropdown">
<kw name="Wait Until Element Is Visible" owner="SeleniumLibrary">
<arg>xpath=//*[@id='${container_id}']//md-select</arg>
<arg>timeout=60s</arg>
<doc>Waits until the element ``locator`` is visible.</doc>
<status status="PASS" start="2025-06-09T15:59:08.401182" elapsed="0.036630"/>
</kw>
<kw name="Click Element" owner="SeleniumLibrary">
<msg time="2025-06-09T15:59:08.439812" level="INFO">Clicking element 'xpath=//*[@id='inputTrafficTool']//md-select'.</msg>
<arg>xpath=//*[@id='${container_id}']//md-select</arg>
<doc>Click the element identified by ``locator``.</doc>
<status status="PASS" start="2025-06-09T15:59:08.438812" elapsed="0.126505"/>
</kw>
<kw name="Wait Until Element Is Visible" owner="SeleniumLibrary">
<arg>xpath=//md-option[normalize-space(.)='${option_text}']</arg>
<arg>timeout=10s</arg>
<doc>Waits until the element ``locator`` is visible.</doc>
<status status="PASS" start="2025-06-09T15:59:08.566318" elapsed="0.259998"/>
</kw>
<kw name="Click Element" owner="SeleniumLibrary">
<msg time="2025-06-09T15:59:08.827318" level="INFO">Clicking element 'xpath=//md-option[normalize-space(.)='None']'.</msg>
<arg>xpath=//md-option[normalize-space(.)='${option_text}']</arg>
<doc>Click the element identified by ``locator``.</doc>
<status status="PASS" start="2025-06-09T15:59:08.827318" elapsed="0.143995"/>
</kw>
<kw name="Sleep" owner="BuiltIn">
<msg time="2025-06-09T15:59:09.972821" level="INFO">Slept 1 second.</msg>
<arg>1s</arg>
<doc>Pauses the test executed for the given time.</doc>
<status status="PASS" start="2025-06-09T15:59:08.972313" elapsed="1.000508"/>
</kw>
<kw name="Click Element" owner="SeleniumLibrary">
<msg time="2025-06-09T15:59:09.973821" level="INFO">Clicking element 'xpath=//body'.</msg>
<arg>xpath=//body</arg>
<doc>Click the element identified by ``locator``.</doc>
<status status="PASS" start="2025-06-09T15:59:09.973821" elapsed="0.131998"/>
</kw>
<arg>${container}</arg>
<arg>${value}</arg>
<status status="PASS" start="2025-06-09T15:59:08.401182" elapsed="1.705638"/>
</kw>
<var name="${container}">inputTrafficTool</var>
<var name="${value}">None</var>
<status status="PASS" start="2025-06-09T15:59:08.401182" elapsed="1.705638"/>
</iter>
<var>${container}</var>
<var>${value}</var>
<value>@{DUT Dropdown Selection}</value>
<status status="PASS" start="2025-06-09T15:59:06.578889" elapsed="3.527931"/>
</for>
<kw name="Click Apply Button">
<kw name="Wait Until Element Is Visible" owner="SeleniumLibrary">
<arg>xpath=//*[@id='createIcon']</arg>
<arg>timeout=10s</arg>
<doc>Waits until the element ``locator`` is visible.</doc>
<status status="PASS" start="2025-06-09T15:59:10.107820" elapsed="0.031999"/>
</kw>
<kw name="Click Element" owner="SeleniumLibrary">
<msg time="2025-06-09T15:59:10.140820" level="INFO">Clicking element 'xpath=//*[@id='createIcon']'.</msg>
<arg>xpath=//*[@id='createIcon']</arg>
<doc>Click the element identified by ``locator``.</doc>
<status status="PASS" start="2025-06-09T15:59:10.139819" elapsed="0.199000"/>
</kw>
<kw name="Sleep" owner="BuiltIn">
<msg time="2025-06-09T15:59:12.339388" level="INFO">Slept 2 seconds.</msg>
<arg>2s</arg>
<doc>Pauses the test executed for the given time.</doc>
<status status="PASS" start="2025-06-09T15:59:10.338819" elapsed="2.000569"/>
</kw>
<status status="PASS" start="2025-06-09T15:59:10.107820" elapsed="2.231568"/>
</kw>
<for flavor="IN">
<iter>
<kw name="Test case Input">
<kw name="Wait Until Element Is Visible" owner="SeleniumLibrary">
<arg>xpath=//*[@id='${container_id}']</arg>
<arg>timeout=60s</arg>
<doc>Waits until the element ``locator`` is visible.</doc>
<status status="PASS" start="2025-06-09T15:59:12.342378" elapsed="0.044975"/>
</kw>
<kw name="Click Element" owner="SeleniumLibrary">
<msg time="2025-06-09T15:59:12.388391" level="INFO">Clicking element 'xpath=//*[@id='hpqcTestPlanIDForm']'.</msg>
<arg>xpath=//*[@id='${container_id}']</arg>
<doc>Click the element identified by ``locator``.</doc>
<status status="PASS" start="2025-06-09T15:59:12.387353" elapsed="0.198708"/>
</kw>
<kw name="Input Text" owner="SeleniumLibrary">
<msg time="2025-06-09T15:59:12.588032" level="INFO">Typing text 'HPQC-12345' into text field 'xpath=//*[@id='hpqcTestPlanIDForm']//input'.</msg>
<arg>xpath=//*[@id='${container_id}']//input</arg>
<arg>${option_text}</arg>
<doc>Types the given ``text`` into the text field identified by ``locator``.</doc>
<status status="PASS" start="2025-06-09T15:59:12.587075" elapsed="0.380951"/>
</kw>
<kw name="Press Keys" owner="SeleniumLibrary">
<msg time="2025-06-09T15:59:12.970026" level="INFO">Sending key(s) ('ENTER',) to xpath=//*[@id='hpqcTestPlanIDForm']//input element.</msg>
<msg time="2025-06-09T15:59:13.293053" level="INFO">Pressing special key ENTER to element.</msg>
<msg time="2025-06-09T15:59:13.293053" level="INFO">Releasing special key ENTER.</msg>
<arg>xpath=//*[@id='${container_id}']//input</arg>
<arg>ENTER</arg>
<doc>Simulates the user pressing key(s) to an element or on the active browser.</doc>
<status status="PASS" start="2025-06-09T15:59:12.969026" elapsed="0.413999"/>
</kw>
<arg>${container}</arg>
<arg>${value}</arg>
<status status="PASS" start="2025-06-09T15:59:12.341353" elapsed="1.042691"/>
</kw>
<var name="${container}">hpqcTestPlanIDForm</var>
<var name="${value}">HPQC-12345</var>
<status status="PASS" start="2025-06-09T15:59:12.341353" elapsed="1.042691"/>
</iter>
<iter>
<kw name="Test case Input">
<kw name="Wait Until Element Is Visible" owner="SeleniumLibrary">
<arg>xpath=//*[@id='${container_id}']</arg>
<arg>timeout=60s</arg>
<doc>Waits until the element ``locator`` is visible.</doc>
<status status="PASS" start="2025-06-09T15:59:13.386023" elapsed="0.046241"/>
</kw>
<kw name="Click Element" owner="SeleniumLibrary">
<msg time="2025-06-09T15:59:13.434263" level="INFO">Clicking element 'xpath=//*[@id='sendEmailToOthersChipsContainer']'.</msg>
<arg>xpath=//*[@id='${container_id}']</arg>
<doc>Click the element identified by ``locator``.</doc>
<status status="PASS" start="2025-06-09T15:59:13.433264" elapsed="0.150622"/>
</kw>
<kw name="Input Text" owner="SeleniumLibrary">
<msg time="2025-06-09T15:59:13.584886" level="INFO">Typing text 'pk0952@att.com' into text field 'xpath=//*[@id='sendEmailToOthersChipsContainer']//input'.</msg>
<arg>xpath=//*[@id='${container_id}']//input</arg>
<arg>${option_text}</arg>
<doc>Types the given ``text`` into the text field identified by ``locator``.</doc>
<status status="PASS" start="2025-06-09T15:59:13.583886" elapsed="0.522967"/>
</kw>
<kw name="Press Keys" owner="SeleniumLibrary">
<msg time="2025-06-09T15:59:14.108881" level="INFO">Sending key(s) ('ENTER',) to xpath=//*[@id='sendEmailToOthersChipsContainer']//input element.</msg>
<msg time="2025-06-09T15:59:14.412267" level="INFO">Pressing special key ENTER to element.</msg>
<msg time="2025-06-09T15:59:14.412809" level="INFO">Releasing special key ENTER.</msg>
<arg>xpath=//*[@id='${container_id}']//input</arg>
<arg>ENTER</arg>
<doc>Simulates the user pressing key(s) to an element or on the active browser.</doc>
<status status="PASS" start="2025-06-09T15:59:14.107852" elapsed="0.381749"/>
</kw>
<arg>${container}</arg>
<arg>${value}</arg>
<status status="PASS" start="2025-06-09T15:59:13.385025" elapsed="1.105573"/>
</kw>
<var name="${container}">sendEmailToOthersChipsContainer</var>
<var name="${value}">pk0952@att.com</var>
<status status="PASS" start="2025-06-09T15:59:13.384044" elapsed="1.106554"/>
</iter>
<var>${container}</var>
<var>${value}</var>
<value>@{Text Input}</value>
<status status="PASS" start="2025-06-09T15:59:12.340379" elapsed="2.150219"/>
</for>
<for flavor="IN">
<iter>
<kw name="predefined list">
<kw name="Wait Until Element Is Visible" owner="SeleniumLibrary">
<arg>xpath=//span[normalize-space(.)='${option_text}']/ancestor::*[self::button or self::md-list-item]</arg>
<arg>timeout=10s</arg>
<doc>Waits until the element ``locator`` is visible.</doc>
<status status="PASS" start="2025-06-09T15:59:14.493595" elapsed="0.040972"/>
</kw>
<kw name="Click Element" owner="SeleniumLibrary">
<msg time="2025-06-09T15:59:14.536569" level="INFO">Clicking element 'xpath=//span[normalize-space(.)='xyz123']/ancestor::*[self::button or self::md-list-item]'.</msg>
<arg>xpath=//span[normalize-space(.)='${option_text}']/ancestor::*[self::button or self::md-list-item]</arg>
<doc>Click the element identified by ``locator``.</doc>
<status status="PASS" start="2025-06-09T15:59:14.535570" elapsed="0.174055"/>
</kw>
<arg>${value}</arg>
<status status="PASS" start="2025-06-09T15:59:14.492570" elapsed="0.218054"/>
</kw>
<var name="${value}">xyz123</var>
<status status="PASS" start="2025-06-09T15:59:14.492570" elapsed="0.218054"/>
</iter>
<iter>
<kw name="predefined list">
<kw name="Wait Until Element Is Visible" owner="SeleniumLibrary">
<arg>xpath=//span[normalize-space(.)='${option_text}']/ancestor::*[self::button or self::md-list-item]</arg>
<arg>timeout=10s</arg>
<doc>Waits until the element ``locator`` is visible.</doc>
<status status="PASS" start="2025-06-09T15:59:14.712625" elapsed="0.038001"/>
</kw>
<kw name="Click Element" owner="SeleniumLibrary">
<msg time="2025-06-09T15:59:14.751627" level="INFO">Clicking element 'xpath=//span[normalize-space(.)='Nodal Test Cases']/ancestor::*[self::button or self::md-list-item]'.</msg>
<arg>xpath=//span[normalize-space(.)='${option_text}']/ancestor::*[self::button or self::md-list-item]</arg>
<doc>Click the element identified by ``locator``.</doc>
<status status="PASS" start="2025-06-09T15:59:14.751627" elapsed="0.219601"/>
</kw>
<arg>${value}</arg>
<status status="PASS" start="2025-06-09T15:59:14.711624" elapsed="0.259604"/>
</kw>
<var name="${value}">Nodal Test Cases</var>
<status status="PASS" start="2025-06-09T15:59:14.710624" elapsed="0.260604"/>
</iter>
<iter>
<kw name="predefined list">
<kw name="Wait Until Element Is Visible" owner="SeleniumLibrary">
<arg>xpath=//span[normalize-space(.)='${option_text}']/ancestor::*[self::button or self::md-list-item]</arg>
<arg>timeout=10s</arg>
<doc>Waits until the element ``locator`` is visible.</doc>
<status status="PASS" start="2025-06-09T15:59:14.973228" elapsed="0.047005"/>
</kw>
<kw name="Click Element" owner="SeleniumLibrary">
<msg time="2025-06-09T15:59:15.021231" level="INFO">Clicking element 'xpath=//span[normalize-space(.)='E2E Test Cases']/ancestor::*[self::button or self::md-list-item]'.</msg>
<arg>xpath=//span[normalize-space(.)='${option_text}']/ancestor::*[self::button or self::md-list-item]</arg>
<doc>Click the element identified by ``locator``.</doc>
<status status="PASS" start="2025-06-09T15:59:15.020233" elapsed="0.176992"/>
</kw>
<arg>${value}</arg>
<status status="PASS" start="2025-06-09T15:59:14.972204" elapsed="0.225021"/>
</kw>
<var name="${value}">E2E Test Cases</var>
<status status="PASS" start="2025-06-09T15:59:14.972204" elapsed="0.226022"/>
</iter>
<iter>
<kw name="predefined list">
<kw name="Wait Until Element Is Visible" owner="SeleniumLibrary">
<arg>xpath=//span[normalize-space(.)='${option_text}']/ancestor::*[self::button or self::md-list-item]</arg>
<arg>timeout=10s</arg>
<doc>Waits until the element ``locator`` is visible.</doc>
<status status="PASS" start="2025-06-09T15:59:15.199227" elapsed="0.038972"/>
</kw>
<kw name="Click Element" owner="SeleniumLibrary">
<msg time="2025-06-09T15:59:15.239201" level="INFO">Clicking element 'xpath=//span[normalize-space(.)='Nodal Performance Test']/ancestor::*[self::button or self::md-list-item]'.</msg>
<arg>xpath=//span[normalize-space(.)='${option_text}']/ancestor::*[self::button or self::md-list-item]</arg>
<doc>Click the element identified by ``locator``.</doc>
<status status="PASS" start="2025-06-09T15:59:15.238199" elapsed="0.191210"/>
</kw>
<arg>${value}</arg>
<status status="PASS" start="2025-06-09T15:59:15.198226" elapsed="0.231183"/>
</kw>
<var name="${value}">Nodal Performance Test</var>
<status status="PASS" start="2025-06-09T15:59:15.198226" elapsed="0.232187"/>
</iter>
<var>${value}</var>
<value>@{predefined list}</value>
<status status="PASS" start="2025-06-09T15:59:14.491571" elapsed="0.938842"/>
</for>
<status status="PASS" start="2025-06-09T15:58:54.788070" elapsed="20.643337"/>
</test>
<kw name="Close Browser" owner="SeleniumLibrary" type="TEARDOWN">
<doc>Closes the current browser.</doc>
<status status="PASS" start="2025-06-09T15:59:15.432412" elapsed="2.389459"/>
</kw>
<status status="PASS" start="2025-06-09T15:58:40.589114" elapsed="37.233731"/>
</suite>
<statistics>
<total>
<stat pass="1" fail="0" skip="0">All Tests</stat>
</total>
<tag>
</tag>
<suite>
<stat name="Test Case Management" id="s1" pass="1" fail="0" skip="0">Test Case Management</stat>
</suite>
</statistics>
<errors>
<msg time="2025-06-09T15:58:41.081103" level="WARN">exexcutable_path is being deprecated. Please use service to configure the driver's executable_path as per documentation.</msg>
</errors>
</robot>
